#
# A fatal error has been detected by the Java Runtime Environment:
#
#  EXCEPTION_ACCESS_VIOLATION (0xc0000005) at pc=0x00007ffc1bdc5015, pid=16888, tid=11044
#
# JRE version: OpenJDK Runtime Environment Microsoft-11369940 (21.0.7+6) (build 21.0.7+6-LTS)
# Java VM: OpenJDK 64-Bit Server VM Microsoft-11369940 (21.0.7+6-LTS, mixed mode, emulated-client, sharing, tiered, compressed oops, compressed class ptrs, g1 gc, windows-amd64)
# Problematic frame:
# V  [jvm.dll+0x58fe77]
#
# No core dump will be written. Minidumps are not enabled by default on client versions of Windows
#
# JFR recording file will be written. Location: C:\Users\Isabella Muñoz\Documents\JGC\ProyectoCalidad\hs_err_pid16888.jfr
#
# If you would like to submit a bug report, please visit:
#   https://github.com/microsoft/openjdk/issues
# The crash happened outside the Java Virtual Machine in native code.
# See problematic frame for where to report the bug.
#

---------------  S U M M A R Y ------------

Command Line: -XX:TieredStopAtLevel=1 -Dspring.output.ansi.enabled=always -Dcom.sun.management.jmxremote -Dspring.jmx.enabled=true -Dspring.liveBeansView.mbeanDomain -Dspring.application.admin.enabled=true -Dmanagement.endpoints.jmx.exposure.include=* -javaagent:C:\Program Files\JetBrains\IntelliJ IDEA 2025.1.1.1\lib\idea_rt.jar=60802 -Dfile.encoding=UTF-8 -Dsun.stdout.encoding=UTF-8 -Dsun.stderr.encoding=UTF-8 org.example.Main

Host: AMD Ryzen 5 3500U with Radeon Vega Mobile Gfx  , 8 cores, 13G,  Windows 10 , 64 bit Build 19041 (10.0.19041.5794)
Time: Fri Jun 13 10:39:03 2025 Hora est. Pacífico, Sudamérica elapsed time: 31.129721 seconds (0d 0h 0m 31s)

---------------  T H R E A D  ---------------

Current thread (0x0000018d70deb7d0):  JavaThread "RMI TCP Connection(idle)" daemon [_thread_in_native, id=11044, stack(0x0000005f38500000,0x0000005f38600000) (1024K)]

Stack: [0x0000005f38500000,0x0000005f38600000],  sp=0x0000005f385fe7b0,  free space=1017k
Native frames: (J=compiled Java code, j=interpreted, Vv=VM code, C=native code)
C  0x00007ffc1bdc5015

Java frames: (J=compiled Java code, j=interpreted, Vv=VM code)
j  java.util.concurrent.SynchronousQueue$Transferer.xferLifo(Ljava/lang/Object;J)Ljava/lang/Object;+165 java.base@21.0.7
j  java.util.concurrent.SynchronousQueue.xfer(Ljava/lang/Object;J)Ljava/lang/Object;+27 java.base@21.0.7
j  java.util.concurrent.SynchronousQueue.poll(JLjava/util/concurrent/TimeUnit;)Ljava/lang/Object;+15 java.base@21.0.7
j  java.util.concurrent.ThreadPoolExecutor.getTask()Ljava/lang/Runnable;+132 java.base@21.0.7
j  java.util.concurrent.ThreadPoolExecutor.runWorker(Ljava/util/concurrent/ThreadPoolExecutor$Worker;)V+26 java.base@21.0.7
j  java.util.concurrent.ThreadPoolExecutor$Worker.run()V+5 java.base@21.0.7
j  java.lang.Thread.runWith(Ljava/lang/Object;Ljava/lang/Runnable;)V+5 java.base@21.0.7
j  java.lang.Thread.run()V+19 java.base@21.0.7
v  ~StubRoutines::call_stub 0x0000018d18ba100d

siginfo: EXCEPTION_ACCESS_VIOLATION (0xc0000005), data execution prevention violation at address 0x00007ffc1bdc5015


Registers:
RAX=0x00007ffc1bdc5015, RBX=0x0000018d70ba7698, RCX=0x0000018d722c4590, RDX=0x0000018d70debb88
RSP=0x0000005f385fe7a8, RBP=0x0000000000000000, RSI=0x0000018d7101a380, RDI=0x0000018d70deb7d0
R8 =0x0000018d70ba7690, R9 =0x0000018d70ba7698, R10=0x0000000000000000, R11=0x0000005f385fe898
R12=0x0000018d70debda0, R13=0x0000018d70ba7690, R14=0x0000018d24092130, R15=0x0000018d70bcc6a0
RIP=0x00007ffc1bdc5015, EFLAGS=0x0000000000010202

XMM[0]=0x0000000000000000 0x0000000000000000
XMM[1]=0x0000000000000000 0x0000000000000000
XMM[2]=0x0000000000000000 0x0000000000000000
XMM[3]=0x0000000000000000 0x0000000000000000
XMM[4]=0x0000000000000000 0x0000000000000000
XMM[5]=0x0000000000000000 0x0000000000000000
XMM[6]=0x0000000000000000 0x0000000000000000
XMM[7]=0x0000000000000000 0x0000000000000000
XMM[8]=0x0000000000000000 0x0000000000000000
XMM[9]=0x0000000000000000 0x0000000000000000
XMM[10]=0x0000000000000000 0x0000000000000000
XMM[11]=0x0000000000000000 0x0000000000000000
XMM[12]=0x0000000000000000 0x0000000000000000
XMM[13]=0x0000000000000000 0x0000000000000000
XMM[14]=0x0000000000000000 0x0000000000000000
XMM[15]=0x0000000000000000 0x0000000000000000
  MXCSR=0x00001fa0


Register to memory mapping:

RAX=0x00007ffc1bdc5015 is an unknown value
RBX=0x0000018d70ba7698 points into unknown readable memory: 0x0000000721523370 | 70 33 52 21 07 00 00 00
RCX=0x0000018d722c4590 points into unknown readable memory: 0x00007ffbe4b1c800 | 00 c8 b1 e4 fb 7f 00 00
RDX=0x0000018d70debb88 points into unknown readable memory: 0x00007ffbe4b137c0 | c0 37 b1 e4 fb 7f 00 00
RSP=0x0000005f385fe7a8 is pointing into the stack for thread: 0x0000018d70deb7d0
RBP=0x0 is null
RSI=0x0000018d7101a380 points into unknown readable memory: 0x0000018d7346e570 | 70 e5 46 73 8d 01 00 00
RDI=0x0000018d70deb7d0 is a thread
R8 =0x0000018d70ba7690 points into unknown readable memory: 0x0000000721700060 | 60 00 70 21 07 00 00 00
R9 =0x0000018d70ba7698 points into unknown readable memory: 0x0000000721523370 | 70 33 52 21 07 00 00 00
R10=0x0 is null
R11=0x0000005f385fe898 is pointing into the stack for thread: 0x0000018d70deb7d0
R12=0x0000018d70debda0 points into unknown readable memory: 0x0000018d7346e570 | 70 e5 46 73 8d 01 00 00
R13=0x0000018d70ba7690 points into unknown readable memory: 0x0000000721700060 | 60 00 70 21 07 00 00 00
R14=0x0000018d24092130 is a pointer to class: 
java.util.concurrent.LinkedTransferQueue$DualNode {0x0000018d24092138}
 - instance size:     4
 - klass size:        68
 - access:            final synchronized 
 - flags:             rewritten has_nonstatic_fields has_localvariable_table has_final_method 
 - state:             linked
 - name:              'java/util/concurrent/LinkedTransferQueue$DualNode'
 - super:             'java/lang/Object'
 - sub:               
 - arrays:            null
 - methods:           Array<T>(0x0000018d643f9808)
 - method ordering:   Array<T>(0x0000018d23b27e10)
 - local interfaces:  Array<T>(0x0000018d643f97f8)
 - trans. interfaces: Array<T>(0x0000018d643f97f8)
 - constants:         constant pool [207] {0x0000018d643f90a8} for 'java/util/concurrent/LinkedTransferQueue$DualNode' cache=0x0000018d66e825e0
 - class loader data:  loader data: 0x0000018d22ba0660 of 'bootstrap'
 - source file:       'LinkedTransferQueue.java'
 - inner classes:     Array<T>(0x0000018d643fa310)
 - nest members:     Array<T>(0x0000018d23611d60)
 - permitted subclasses:     Array<T>(0x0000018d23611d60)
 - java mirror:       a 'java/lang/Class'{0x0000000721523370} = 'java/util/concurrent/LinkedTransferQueue$DualNode'
 - vtable length      5  (start addr: 0x0000018d240922f0)
 - itable length      6 (start addr: 0x0000018d24092318)
 - ---- static fields (4 words):
 - private static final 'SPINS' 'I' @128 
 - private static final 'SPIN_FOR_TIMEOUT_THRESHOLD' 'J' @120 
 - private static 'isUniprocessor' 'Z' @136 
 - private static final 'UNIPROCESSOR_REFRESH_RATE' 'I' @132 
 - static final 'ITEM' 'Ljava/lang/invoke/VarHandle;' @112 
 - static final 'NEXT' 'Ljava/lang/invoke/VarHandle;' @116 
 - ---- non-static fields (4 words):
 - final 'isData' 'Z' @12 
 - volatile 'item' 'Ljava/lang/Object;' @16 
 - 'next' 'Ljava/util/concurrent/LinkedTransferQueue$DualNode;' @20 
 - 'waiter' 'Ljava/lang/Thread;' @24 
 - non-static oop maps: 16-24 
R15=0x0000018d70bcc6a0 points into unknown readable memory: 0x8000001700000001 | 01 00 00 00 17 00 00 80

Top of Stack: (sp=0x0000005f385fe7a8)
0x0000005f385fe7a8:   00007ffbe446fe77 0000018d70ba7698
0x0000005f385fe7b8:   00000000000000d8 0000000721523370
0x0000005f385fe7c8:   0000005f00000000 0000018d235a8988
0x0000005f385fe7d8:   0000018d722c4590 0000018d23486688
0x0000005f385fe7e8:   0000000000000001 0000018d24092130
0x0000005f385fe7f8:   0000018d70deb7d0 00009d501b85b054
0x0000005f385fe808:   0000018d643f9808 0000018d70c640a0
0x0000005f385fe818:   0000018d6804cca0 0000018d6804ccb0
0x0000005f385fe828:   0000018d6804d088 00000000000003d8
0x0000005f385fe838:   0000018d70deb7d0 0000018d70deb7d0
0x0000005f385fe848:   0000018d70c642e0 0000018d70bc0a40
0x0000005f385fe858:   0000018d70bc0a60 0000018d70bc0b28
0x0000005f385fe868:   00000000000000d8 0000005f385fe880
0x0000005f385fe878:   00007ffbe4582b33 0000018d70deb7d0
0x0000005f385fe888:   0000018d70c642e0 0000018d70bc0a40
0x0000005f385fe898:   0000018d70bc0a60 0000018d70bc0b28
0x0000005f385fe8a8:   00000000000000d8 0000005f385fe9e0
0x0000005f385fe8b8:   0000018d24092130 0000018d643f9808
0x0000005f385fe8c8:   0000018d643f1675 0000000000000001
0x0000005f385fe8d8:   000000072152cc90 0000005f385fea00
0x0000005f385fe8e8:   0000018d24092130 0000018d70deb7d0
0x0000005f385fe8f8:   00007ffbe42a953d 00007ffbe4b964f8
0x0000005f385fe908:   0000018d24092130 0000018d70bcc6a0
0x0000005f385fe918:   0000018d70bcc650 0000018d643ec378
0x0000005f385fe928:   0000018d643ec378 0000018d70deb7d0
0x0000005f385fe938:   00007ffbe41cb8a6 0000018d643f98d8
0x0000005f385fe948:   0000018d70deb7d0 0000018d24092130
0x0000005f385fe958:   00000005000001c0 0000000000000000
0x0000005f385fe968:   00000000128bf019 0000000000000001
0x0000005f385fe978:   0000018d10499cb0 0000018d1049a160
0x0000005f385fe988:   0000018d104999e0 0000018d70b82644
0x0000005f385fe998:   0000018d70b82658 ffffffff00000001 

Instructions: (pc=0x00007ffbe446fe77)
0x00007ffbe446fd77:   00 4d 8b c6 e8 60 70 fe ff 48 8b 4c 24 20 48 83
0x00007ffbe446fd87:   7d 00 00 74 13 48 8b d1 48 8b cb e8 59 5c b3 ff
0x00007ffbe446fd97:   48 8b cd e8 31 5c b3 ff 4c 39 7b 18 74 0c 48 89
0x00007ffbe446fda7:   6b 10 4c 89 7b 18 4c 89 6b 20 49 8b 04 24 33 ed
0x00007ffbe446fdb7:   48 85 c0 74 03 8b 68 2c 48 8b cf e8 39 59 e6 ff
0x00007ffbe446fdc7:   48 8d 8f 98 03 00 00 e8 5d bc d8 ff 48 8b cf e8
0x00007ffbe446fdd7:   45 65 e6 ff 45 33 c0 48 8b d0 48 8b cf e8 a7 2e
0x00007ffbe446fde7:   ee ff 48 8b 8c 24 58 01 00 00 4c 8b e8 48 85 c9
0x00007ffbe446fdf7:   75 04 33 db eb 24 48 8b 49 70 48 85 c9 75 04 33
0x00007ffbe446fe07:   c0 eb 06 ff 15 10 82 69 00 45 33 c0 48 8b d0 48
0x00007ffbe446fe17:   8b cf e8 72 2e ee ff 48 8b d8 48 8d 4c 24 60 e8
0x00007ffbe446fe27:   45 d5 b2 ff 48 8d 8f 98 03 00 00 48 89 bc 24 88
0x00007ffbe446fe37:   00 00 00 e8 f1 bb d8 ff 90 48 8d 8c 24 90 00 00
0x00007ffbe446fe47:   00 48 8b d7 c7 87 44 04 00 00 04 00 00 00 e8 16
0x00007ffbe446fe57:   4b e1 ff 48 8b 4c 24 28 48 8b 41 58 48 85 c0 74
0x00007ffbe446fe67:   0f 4c 8b cb 48 8d 97 b8 03 00 00 4d 8b c5 ff d0
0x00007ffbe446fe77:   48 8d 4c 24 60 e8 9f d7 ff ff 48 8b cf e8 d7 49
0x00007ffbe446fe87:   e6 ff 49 8b 04 24 4c 8b b4 24 58 01 00 00 4c 8b
0x00007ffbe446fe97:   bc 24 60 01 00 00 48 8b 9c 24 68 01 00 00 48 85
0x00007ffbe446fea7:   c0 74 03 89 68 2c 48 8b 76 10 48 85 f6 0f 85 e6
0x00007ffbe446feb7:   fd ff ff 4c 8b ac 24 18 01 00 00 41 80 3f 00 4c
0x00007ffbe446fec7:   8b bc 24 10 01 00 00 48 8b b4 24 28 01 00 00 75
0x00007ffbe446fed7:   05 e8 03 e1 3b 00 48 8b 0b 48 8b 9c 24 50 01 00
0x00007ffbe446fee7:   00 8b 81 44 03 00 00 ff c8 89 81 44 03 00 00 48
0x00007ffbe446fef7:   8d 8c 24 d0 00 00 00 e8 0d 49 e1 ff 4c 8b a4 24
0x00007ffbe446ff07:   20 01 00 00 48 8b ac 24 30 01 00 00 48 81 c4 38
0x00007ffbe446ff17:   01 00 00 41 5e 5f c3 cc cc 40 55 48 83 ec 50 83
0x00007ffbe446ff27:   3d 03 e3 6a 00 02 48 8b e9 0f 8c c0 00 00 00 65
0x00007ffbe446ff37:   48 8b 04 25 58 00 00 00 8b 15 a3 63 75 00 48 89
0x00007ffbe446ff47:   5c 24 60 48 89 74 24 68 48 89 7c 24 70 48 8b 1c
0x00007ffbe446ff57:   d0 b8 70 00 00 00 4c 89 74 24 48 4c 89 7c 24 40
0x00007ffbe446ff67:   80 3c 18 00 75 05 e8 6e e0 3b 00 48 8b 4d 18 b8 


Stack slot to memory mapping:

stack at sp + 0 slots: 0x0000018d70ba7698 points into unknown readable memory: 0x0000000721523370 | 70 33 52 21 07 00 00 00
stack at sp + 1 slots: 0x00000000000000d8 is an unknown value
stack at sp + 2 slots: 0x0000000721523370 is an oop: java.lang.Class 
{0x0000000721523370} - klass: 'java/lang/Class'
 - ---- fields (total size 18 words):
 - private volatile transient 'classRedefinedCount' 'I' @12  0 (0x00000000)
 - injected 'klass' 'J' @16  1705706594608 (0x0000018d24092130)
 - injected 'array_klass' 'J' @24  0 (0x0000000000000000)
 - injected 'oop_size' 'I' @32  18 (0x00000012)
 - injected 'static_oop_field_count' 'I' @36  2 (0x00000002)
 - private volatile transient 'cachedConstructor' 'Ljava/lang/reflect/Constructor;' @40  null (0x00000000)
 - private transient 'name' 'Ljava/lang/String;' @44  null (0x00000000)
 - private transient 'module' 'Ljava/lang/Module;' @48  a 'java/lang/Module'{0x0000000721732408} (0xe42e6481)
 - private final 'classLoader' 'Ljava/lang/ClassLoader;' @52  null (0x00000000)
 - private transient 'classData' 'Ljava/lang/Object;' @56  null (0x00000000)
 - private transient 'packageName' 'Ljava/lang/String;' @60  null (0x00000000)
 - private final 'componentType' 'Ljava/lang/Class;' @64  null (0x00000000)
 - private volatile transient 'reflectionData' 'Ljava/lang/ref/SoftReference;' @68  null (0x00000000)
 - private volatile transient 'genericInfo' 'Lsun/reflect/generics/repository/ClassRepository;' @72  null (0x00000000)
 - private volatile transient 'enumConstants' '[Ljava/lang/Object;' @76  null (0x00000000)
 - private volatile transient 'enumConstantDirectory' 'Ljava/util/Map;' @80  null (0x00000000)
 - private volatile transient 'annotationData' 'Ljava/lang/Class$AnnotationData;' @84  null (0x00000000)
 - private volatile transient 'annotationType' 'Lsun/reflect/annotation/AnnotationType;' @88  null (0x00000000)
 - transient 'classValueMap' 'Ljava/lang/ClassValue$ClassValueMap;' @92  null (0x00000000)
 - injected 'protection_domain' 'Ljava/lang/Object;' @96  null (0x00000000)
 - injected 'signers_name' 'Ljava/lang/Object;' @100  null (0x00000000)
 - injected 'source_file' 'Ljava/lang/Object;' @104  null (0x00000000)
 - injected '<init_lock>' 'Ljava/lang/Object;' @108  [I{0x000000072152cc90} (0xe42a5992)
 - signature: Ljava/util/concurrent/LinkedTransferQueue$DualNode;
 - ---- static fields (2):
 - private static final 'SPINS' 'I' @128  128 (0x00000080)
 - private static final 'SPIN_FOR_TIMEOUT_THRESHOLD' 'J' @120  1024 (0x0000000000000400)
 - private static 'isUniprocessor' 'Z' @136  false (0x00)
 - private static final 'UNIPROCESSOR_REFRESH_RATE' 'I' @132  31 (0x0000001f)
 - static final 'ITEM' 'Ljava/lang/invoke/VarHandle;' @112  null (0x00000000)
 - static final 'NEXT' 'Ljava/lang/invoke/VarHandle;' @116  null (0x00000000)
stack at sp + 3 slots: 0x0000005f00000000 is an unknown value
stack at sp + 4 slots: 0x0000018d235a8988 is pointing into metadata
stack at sp + 5 slots: 0x0000018d722c4590 points into unknown readable memory: 0x00007ffbe4b1c800 | 00 c8 b1 e4 fb 7f 00 00
stack at sp + 6 slots: 0x0000018d23486688 is pointing into metadata
stack at sp + 7 slots: 0x0000000000000001 is an unknown value


---------------  P R O C E S S  ---------------

Threads class SMR info:
_java_thread_list=0x0000018d734560e0, length=39, elements={
0x0000018d22cfc510, 0x0000018d22cfd3d0, 0x0000018d22cfe290, 0x0000018d22d00360,
0x0000018d22d00f60, 0x0000018d22d019b0, 0x0000018d22d05ab0, 0x0000018d22cda360,
0x0000018d70b81c30, 0x0000018d70b8afb0, 0x0000018d70dad630, 0x0000018d70deb7d0,
0x0000018d70e00c30, 0x0000018d70dfc3f0, 0x0000018d711a6a60, 0x0000018d711a7780,
0x0000018d711a8b30, 0x0000018d711a56b0, 0x0000018d711a63d0, 0x0000018d711a84a0,
0x0000018d72b94630, 0x0000018d72b987d0, 0x0000018d72b94cc0, 0x0000018d72b98140,
0x0000018d72b93910, 0x0000018d72b994f0, 0x0000018d72b93fa0, 0x0000018d72b96070,
0x0000018d72b97420, 0x0000018d72b96700, 0x0000018d72b99b80, 0x0000018d72b95350,
0x0000018d72b97ab0, 0x0000018d72b959e0, 0x0000018d72b9af30, 0x0000018d711a7e10,
0x0000018d738ed760, 0x0000018d681f8760, 0x0000018d753ddc40
}

Java Threads: ( => current thread )
  0x0000018d22cfc510 JavaThread "Reference Handler"          daemon [_thread_blocked, id=14000, stack(0x0000005f37800000,0x0000005f37900000) (1024K)]
  0x0000018d22cfd3d0 JavaThread "Finalizer"                  daemon [_thread_blocked, id=14992, stack(0x0000005f37900000,0x0000005f37a00000) (1024K)]
  0x0000018d22cfe290 JavaThread "Signal Dispatcher"          daemon [_thread_blocked, id=7944, stack(0x0000005f37a00000,0x0000005f37b00000) (1024K)]
  0x0000018d22d00360 JavaThread "Attach Listener"            daemon [_thread_blocked, id=18436, stack(0x0000005f37b00000,0x0000005f37c00000) (1024K)]
  0x0000018d22d00f60 JavaThread "Service Thread"             daemon [_thread_blocked, id=12164, stack(0x0000005f37c00000,0x0000005f37d00000) (1024K)]
  0x0000018d22d019b0 JavaThread "Monitor Deflation Thread"   daemon [_thread_blocked, id=20188, stack(0x0000005f37d00000,0x0000005f37e00000) (1024K)]
  0x0000018d22d05ab0 JavaThread "C1 CompilerThread0"         daemon [_thread_blocked, id=14824, stack(0x0000005f37e00000,0x0000005f37f00000) (1024K)]
  0x0000018d22cda360 JavaThread "Common-Cleaner"             daemon [_thread_blocked, id=14956, stack(0x0000005f37f00000,0x0000005f38000000) (1024K)]
  0x0000018d70b81c30 JavaThread "Monitor Ctrl-Break"         daemon [_thread_in_native, id=20080, stack(0x0000005f38200000,0x0000005f38300000) (1024K)]
  0x0000018d70b8afb0 JavaThread "Notification Thread"        daemon [_thread_blocked, id=19284, stack(0x0000005f38300000,0x0000005f38400000) (1024K)]
  0x0000018d70dad630 JavaThread "RMI TCP Accept-0"           daemon [_thread_in_native, id=8680, stack(0x0000005f38400000,0x0000005f38500000) (1024K)]
=>0x0000018d70deb7d0 JavaThread "RMI TCP Connection(idle)"   daemon [_thread_in_native, id=11044, stack(0x0000005f38500000,0x0000005f38600000) (1024K)]
  0x0000018d70e00c30 JavaThread "RMI Scheduler(0)"           daemon [_thread_blocked, id=12880, stack(0x0000005f38600000,0x0000005f38700000) (1024K)]
  0x0000018d70dfc3f0 JavaThread "JMX server connection timeout 26" daemon [_thread_blocked, id=19572, stack(0x0000005f38700000,0x0000005f38800000) (1024K)]
  0x0000018d711a6a60 JavaThread "RMI TCP Connection(2)-192.168.1.3" daemon [_thread_in_native, id=13384, stack(0x0000005f39100000,0x0000005f39200000) (1024K)]
  0x0000018d711a7780 JavaThread "HikariPool-1 housekeeper"   daemon [_thread_blocked, id=3324, stack(0x0000005f39200000,0x0000005f39300000) (1024K)]
  0x0000018d711a8b30 JavaThread "Catalina-utility-1"                [_thread_blocked, id=15204, stack(0x0000005f39600000,0x0000005f39700000) (1024K)]
  0x0000018d711a56b0 JavaThread "Catalina-utility-2"                [_thread_blocked, id=13684, stack(0x0000005f39700000,0x0000005f39800000) (1024K)]
  0x0000018d711a63d0 JavaThread "http-nio-8080-exec-1"       daemon [_thread_blocked, id=11472, stack(0x0000005f39800000,0x0000005f39900000) (1024K)]
  0x0000018d711a84a0 JavaThread "http-nio-8080-exec-2"       daemon [_thread_blocked, id=9052, stack(0x0000005f39900000,0x0000005f39a00000) (1024K)]
  0x0000018d72b94630 JavaThread "http-nio-8080-exec-3"       daemon [_thread_blocked, id=18804, stack(0x0000005f39a00000,0x0000005f39b00000) (1024K)]
  0x0000018d72b987d0 JavaThread "http-nio-8080-exec-4"       daemon [_thread_blocked, id=2312, stack(0x0000005f39b00000,0x0000005f39c00000) (1024K)]
  0x0000018d72b94cc0 JavaThread "http-nio-8080-exec-5"       daemon [_thread_blocked, id=16088, stack(0x0000005f39c00000,0x0000005f39d00000) (1024K)]
  0x0000018d72b98140 JavaThread "http-nio-8080-exec-6"       daemon [_thread_blocked, id=1028, stack(0x0000005f39d00000,0x0000005f39e00000) (1024K)]
  0x0000018d72b93910 JavaThread "http-nio-8080-exec-7"       daemon [_thread_blocked, id=8964, stack(0x0000005f39e00000,0x0000005f39f00000) (1024K)]
  0x0000018d72b994f0 JavaThread "http-nio-8080-exec-8"       daemon [_thread_blocked, id=3708, stack(0x0000005f39f00000,0x0000005f3a000000) (1024K)]
  0x0000018d72b93fa0 JavaThread "http-nio-8080-exec-9"       daemon [_thread_blocked, id=8688, stack(0x0000005f3a000000,0x0000005f3a100000) (1024K)]
  0x0000018d72b96070 JavaThread "http-nio-8080-exec-10"      daemon [_thread_blocked, id=17364, stack(0x0000005f3a100000,0x0000005f3a200000) (1024K)]
  0x0000018d72b97420 JavaThread "container-0"                       [_thread_blocked, id=15128, stack(0x0000005f3a200000,0x0000005f3a300000) (1024K)]
  0x0000018d72b96700 JavaThread "File Watcher"               daemon [_thread_blocked, id=9724, stack(0x0000005f3a300000,0x0000005f3a400000) (1024K)]
  0x0000018d72b99b80 JavaThread "Live Reload Server"         daemon [_thread_in_native, id=6040, stack(0x0000005f3a500000,0x0000005f3a600000) (1024K)]
  0x0000018d72b95350 JavaThread "http-nio-8080-Poller"       daemon [_thread_in_native, id=19364, stack(0x0000005f3a400000,0x0000005f3a500000) (1024K)]
  0x0000018d72b97ab0 JavaThread "http-nio-8080-Acceptor"     daemon [_thread_in_native, id=5480, stack(0x0000005f3a600000,0x0000005f3a700000) (1024K)]
  0x0000018d72b959e0 JavaThread "DestroyJavaVM"                     [_thread_blocked, id=4820, stack(0x0000005f37000000,0x0000005f37100000) (1024K)]
  0x0000018d72b9af30 JavaThread "JFR Recorder Thread"        daemon [_thread_in_native, id=3136, stack(0x0000005f38000000,0x0000005f38100000) (1024K)]
  0x0000018d711a7e10 JavaThread "JFR Periodic Tasks"         daemon [_thread_blocked, id=8440, stack(0x0000005f39400000,0x0000005f39500000) (1024K)]
  0x0000018d738ed760 JavaThread "C1 CompilerThread1"         daemon [_thread_blocked, id=16292, stack(0x0000005f38100000,0x0000005f38200000) (1024K)]
  0x0000018d681f8760 JavaThread "C1 CompilerThread2"         daemon [_thread_blocked, id=6168, stack(0x0000005f38f00000,0x0000005f39000000) (1024K)]
  0x0000018d753ddc40 JavaThread "C1 CompilerThread3"         daemon [_thread_blocked, id=5672, stack(0x0000005f3a700000,0x0000005f3a800000) (1024K)]
Total: 39

Other Threads:
  0x0000018d22ce7430 VMThread "VM Thread"                           [id=8912, stack(0x0000005f37700000,0x0000005f37800000) (1024K)]
  0x0000018d22cd9400 WatcherThread "VM Periodic Task Thread"        [id=8356, stack(0x0000005f37600000,0x0000005f37700000) (1024K)]
  0x0000018d10507a70 WorkerThread "GC Thread#0"                     [id=14104, stack(0x0000005f37100000,0x0000005f37200000) (1024K)]
  0x0000018d70e50b90 WorkerThread "GC Thread#1"                     [id=8764, stack(0x0000005f38800000,0x0000005f38900000) (1024K)]
  0x0000018d70e51530 WorkerThread "GC Thread#2"                     [id=18996, stack(0x0000005f38900000,0x0000005f38a00000) (1024K)]
  0x0000018d70e59990 WorkerThread "GC Thread#3"                     [id=18992, stack(0x0000005f38a00000,0x0000005f38b00000) (1024K)]
  0x0000018d70e61e20 WorkerThread "GC Thread#4"                     [id=12896, stack(0x0000005f38b00000,0x0000005f38c00000) (1024K)]
  0x0000018d70e83f20 WorkerThread "GC Thread#5"                     [id=4664, stack(0x0000005f38c00000,0x0000005f38d00000) (1024K)]
  0x0000018d70e842c0 WorkerThread "GC Thread#6"                     [id=5076, stack(0x0000005f38d00000,0x0000005f38e00000) (1024K)]
  0x0000018d70e86670 WorkerThread "GC Thread#7"                     [id=15972, stack(0x0000005f38e00000,0x0000005f38f00000) (1024K)]
  0x0000018d105169d0 ConcurrentGCThread "G1 Main Marker"            [id=9004, stack(0x0000005f37200000,0x0000005f37300000) (1024K)]
  0x0000018d105173e0 WorkerThread "G1 Conc#0"                       [id=13344, stack(0x0000005f37300000,0x0000005f37400000) (1024K)]
  0x0000018d7192a0f0 WorkerThread "G1 Conc#1"                       [id=2176, stack(0x0000005f39300000,0x0000005f39400000) (1024K)]
  0x0000018d22ba3580 ConcurrentGCThread "G1 Refine#0"               [id=8772, stack(0x0000005f37400000,0x0000005f37500000) (1024K)]
  0x0000018d22ba5db0 ConcurrentGCThread "G1 Service"                [id=14996, stack(0x0000005f37500000,0x0000005f37600000) (1024K)]
Total: 15

Threads with active compile tasks:
Total: 0

VM state: not at safepoint (normal execution)

VM Mutex/Monitor currently owned by a thread: None

Heap address: 0x0000000721400000, size: 3564 MB, Compressed Oops mode: Zero based, Oop shift amount: 3

CDS archive(s) mapped at: [0x0000018d23000000-0x0000018d23c80000-0x0000018d23c80000), size 13107200, SharedBaseAddress: 0x0000018d23000000, ArchiveRelocationMode: 1.
Compressed class space mapped at: 0x0000018d24000000-0x0000018d64000000, reserved size: 1073741824
Narrow klass base: 0x0000018d23000000, Narrow klass shift: 0, Narrow klass range: 0x100000000

GC Precious Log:
 CardTable entry size: 512
 Card Set container configuration: InlinePtr #cards 4 size 8 Array Of Cards #cards 16 size 48 Howl #buckets 8 coarsen threshold 3686 Howl Bitmap #cards 512 size 80 coarsen threshold 460 Card regions per heap region 1 cards per card region 4096
 CPUs: 8 total, 8 available
 Memory: 14249M
 Large Page Support: Disabled
 NUMA Support: Disabled
 Compressed Oops: Enabled (Zero based)
 Heap Region Size: 2M
 Heap Min Capacity: 8M
 Heap Initial Capacity: 224M
 Heap Max Capacity: 3564M
 Pre-touch: Disabled
 Parallel Workers: 8
 Concurrent Workers: 2
 Concurrent Refinement Workers: 8
 Periodic GC: Disabled

Heap:
 garbage-first heap   total 139264K, used 31051K [0x0000000721400000, 0x0000000800000000)
  region size 2048K, 7 young (14336K), 5 survivors (10240K)
 Metaspace       used 55262K, committed 56064K, reserved 1114112K
  class space    used 7624K, committed 8000K, reserved 1048576K

Heap Regions: E=young(eden), S=young(survivor), O=old, HS=humongous(starts), HC=humongous(continues), CS=collection set, F=free, TAMS=top-at-mark-start, PB=parsable bottom
|   0|0x0000000721400000, 0x0000000721600000, 0x0000000721600000|100%| O|  |TAMS 0x0000000721400000| PB 0x0000000721400000| Untracked 
|   1|0x0000000721600000, 0x0000000721800000, 0x0000000721800000|100%| O|  |TAMS 0x0000000721600000| PB 0x0000000721600000| Untracked 
|   2|0x0000000721800000, 0x0000000721a00000, 0x0000000721a00000|100%| O|  |TAMS 0x0000000721800000| PB 0x0000000721800000| Untracked 
|   3|0x0000000721a00000, 0x0000000721c00000, 0x0000000721c00000|100%| O|  |TAMS 0x0000000721a00000| PB 0x0000000721a00000| Untracked 
|   4|0x0000000721c00000, 0x0000000721e00000, 0x0000000721e00000|100%| O|  |TAMS 0x0000000721c00000| PB 0x0000000721c00000| Untracked 
|   5|0x0000000721e00000, 0x0000000722000000, 0x0000000722000000|100%| O|  |TAMS 0x0000000721e00000| PB 0x0000000721e00000| Untracked 
|   6|0x0000000722000000, 0x0000000722000000, 0x0000000722200000|  0%| F|  |TAMS 0x0000000722000000| PB 0x0000000722000000| Untracked 
|   7|0x0000000722200000, 0x0000000722400000, 0x0000000722400000|100%| O|  |TAMS 0x0000000722200000| PB 0x0000000722200000| Untracked 
|   8|0x0000000722400000, 0x0000000722600000, 0x0000000722600000|100%| O|  |TAMS 0x0000000722400000| PB 0x0000000722400000| Untracked 
|   9|0x0000000722600000, 0x0000000722800000, 0x0000000722800000|100%| O|  |TAMS 0x0000000722600000| PB 0x0000000722600000| Untracked 
|  10|0x0000000722800000, 0x00000007229ae4e8, 0x0000000722a00000| 84%| O|  |TAMS 0x0000000722800000| PB 0x0000000722800000| Untracked 
|  11|0x0000000722a00000, 0x0000000722a00000, 0x0000000722c00000|  0%| F|  |TAMS 0x0000000722a00000| PB 0x0000000722a00000| Untracked 
|  12|0x0000000722c00000, 0x0000000722c00000, 0x0000000722e00000|  0%| F|  |TAMS 0x0000000722c00000| PB 0x0000000722c00000| Untracked 
|  13|0x0000000722e00000, 0x0000000722e00000, 0x0000000723000000|  0%| F|  |TAMS 0x0000000722e00000| PB 0x0000000722e00000| Untracked 
|  14|0x0000000723000000, 0x0000000723000000, 0x0000000723200000|  0%| F|  |TAMS 0x0000000723000000| PB 0x0000000723000000| Untracked 
|  15|0x0000000723200000, 0x0000000723200000, 0x0000000723400000|  0%| F|  |TAMS 0x0000000723200000| PB 0x0000000723200000| Untracked 
|  16|0x0000000723400000, 0x0000000723400000, 0x0000000723600000|  0%| F|  |TAMS 0x0000000723400000| PB 0x0000000723400000| Untracked 
|  17|0x0000000723600000, 0x0000000723600000, 0x0000000723800000|  0%| F|  |TAMS 0x0000000723600000| PB 0x0000000723600000| Untracked 
|  18|0x0000000723800000, 0x0000000723800000, 0x0000000723a00000|  0%| F|  |TAMS 0x0000000723800000| PB 0x0000000723800000| Untracked 
|  19|0x0000000723a00000, 0x0000000723a00000, 0x0000000723c00000|  0%| F|  |TAMS 0x0000000723a00000| PB 0x0000000723a00000| Untracked 
|  20|0x0000000723c00000, 0x0000000723c00000, 0x0000000723e00000|  0%| F|  |TAMS 0x0000000723c00000| PB 0x0000000723c00000| Untracked 
|  21|0x0000000723e00000, 0x0000000723e00000, 0x0000000724000000|  0%| F|  |TAMS 0x0000000723e00000| PB 0x0000000723e00000| Untracked 
|  22|0x0000000724000000, 0x0000000724000000, 0x0000000724200000|  0%| F|  |TAMS 0x0000000724000000| PB 0x0000000724000000| Untracked 
|  23|0x0000000724200000, 0x0000000724200000, 0x0000000724400000|  0%| F|  |TAMS 0x0000000724200000| PB 0x0000000724200000| Untracked 
|  24|0x0000000724400000, 0x00000007244a4980, 0x0000000724600000| 32%| S|CS|TAMS 0x0000000724400000| PB 0x0000000724400000| Complete 
|  25|0x0000000724600000, 0x0000000724800000, 0x0000000724800000|100%| S|CS|TAMS 0x0000000724600000| PB 0x0000000724600000| Complete 
|  26|0x0000000724800000, 0x0000000724a00000, 0x0000000724a00000|100%| S|CS|TAMS 0x0000000724800000| PB 0x0000000724800000| Complete 
|  27|0x0000000724a00000, 0x0000000724c00000, 0x0000000724c00000|100%| S|CS|TAMS 0x0000000724a00000| PB 0x0000000724a00000| Complete 
|  28|0x0000000724c00000, 0x0000000724e00000, 0x0000000724e00000|100%| S|CS|TAMS 0x0000000724c00000| PB 0x0000000724c00000| Complete 
|  29|0x0000000724e00000, 0x0000000724e00000, 0x0000000725000000|  0%| F|  |TAMS 0x0000000724e00000| PB 0x0000000724e00000| Untracked 
|  30|0x0000000725000000, 0x0000000725000000, 0x0000000725200000|  0%| F|  |TAMS 0x0000000725000000| PB 0x0000000725000000| Untracked 
|  31|0x0000000725200000, 0x0000000725200000, 0x0000000725400000|  0%| F|  |TAMS 0x0000000725200000| PB 0x0000000725200000| Untracked 
|  32|0x0000000725400000, 0x0000000725400000, 0x0000000725600000|  0%| F|  |TAMS 0x0000000725400000| PB 0x0000000725400000| Untracked 
|  33|0x0000000725600000, 0x0000000725600000, 0x0000000725800000|  0%| F|  |TAMS 0x0000000725600000| PB 0x0000000725600000| Untracked 
|  34|0x0000000725800000, 0x0000000725800000, 0x0000000725a00000|  0%| F|  |TAMS 0x0000000725800000| PB 0x0000000725800000| Untracked 
|  35|0x0000000725a00000, 0x0000000725a00000, 0x0000000725c00000|  0%| F|  |TAMS 0x0000000725a00000| PB 0x0000000725a00000| Untracked 
|  36|0x0000000725c00000, 0x0000000725c00000, 0x0000000725e00000|  0%| F|  |TAMS 0x0000000725c00000| PB 0x0000000725c00000| Untracked 
|  37|0x0000000725e00000, 0x0000000725e00000, 0x0000000726000000|  0%| F|  |TAMS 0x0000000725e00000| PB 0x0000000725e00000| Untracked 
|  38|0x0000000726000000, 0x0000000726000000, 0x0000000726200000|  0%| F|  |TAMS 0x0000000726000000| PB 0x0000000726000000| Untracked 
|  39|0x0000000726200000, 0x0000000726200000, 0x0000000726400000|  0%| F|  |TAMS 0x0000000726200000| PB 0x0000000726200000| Untracked 
|  40|0x0000000726400000, 0x0000000726400000, 0x0000000726600000|  0%| F|  |TAMS 0x0000000726400000| PB 0x0000000726400000| Untracked 
|  41|0x0000000726600000, 0x0000000726600000, 0x0000000726800000|  0%| F|  |TAMS 0x0000000726600000| PB 0x0000000726600000| Untracked 
|  42|0x0000000726800000, 0x0000000726800000, 0x0000000726a00000|  0%| F|  |TAMS 0x0000000726800000| PB 0x0000000726800000| Untracked 
|  43|0x0000000726a00000, 0x0000000726a00000, 0x0000000726c00000|  0%| F|  |TAMS 0x0000000726a00000| PB 0x0000000726a00000| Untracked 
|  44|0x0000000726c00000, 0x0000000726c00000, 0x0000000726e00000|  0%| F|  |TAMS 0x0000000726c00000| PB 0x0000000726c00000| Untracked 
|  45|0x0000000726e00000, 0x0000000726e00000, 0x0000000727000000|  0%| F|  |TAMS 0x0000000726e00000| PB 0x0000000726e00000| Untracked 
|  46|0x0000000727000000, 0x0000000727000000, 0x0000000727200000|  0%| F|  |TAMS 0x0000000727000000| PB 0x0000000727000000| Untracked 
|  47|0x0000000727200000, 0x0000000727200000, 0x0000000727400000|  0%| F|  |TAMS 0x0000000727200000| PB 0x0000000727200000| Untracked 
|  48|0x0000000727400000, 0x0000000727400000, 0x0000000727600000|  0%| F|  |TAMS 0x0000000727400000| PB 0x0000000727400000| Untracked 
|  49|0x0000000727600000, 0x0000000727600000, 0x0000000727800000|  0%| F|  |TAMS 0x0000000727600000| PB 0x0000000727600000| Untracked 
|  50|0x0000000727800000, 0x0000000727800000, 0x0000000727a00000|  0%| F|  |TAMS 0x0000000727800000| PB 0x0000000727800000| Untracked 
|  51|0x0000000727a00000, 0x0000000727a00000, 0x0000000727c00000|  0%| F|  |TAMS 0x0000000727a00000| PB 0x0000000727a00000| Untracked 
|  52|0x0000000727c00000, 0x0000000727c00000, 0x0000000727e00000|  0%| F|  |TAMS 0x0000000727c00000| PB 0x0000000727c00000| Untracked 
|  53|0x0000000727e00000, 0x0000000727e00000, 0x0000000728000000|  0%| F|  |TAMS 0x0000000727e00000| PB 0x0000000727e00000| Untracked 
|  54|0x0000000728000000, 0x0000000728000000, 0x0000000728200000|  0%| F|  |TAMS 0x0000000728000000| PB 0x0000000728000000| Untracked 
|  55|0x0000000728200000, 0x0000000728200000, 0x0000000728400000|  0%| F|  |TAMS 0x0000000728200000| PB 0x0000000728200000| Untracked 
|  56|0x0000000728400000, 0x0000000728400000, 0x0000000728600000|  0%| F|  |TAMS 0x0000000728400000| PB 0x0000000728400000| Untracked 
|  57|0x0000000728600000, 0x0000000728600000, 0x0000000728800000|  0%| F|  |TAMS 0x0000000728600000| PB 0x0000000728600000| Untracked 
|  58|0x0000000728800000, 0x0000000728800000, 0x0000000728a00000|  0%| F|  |TAMS 0x0000000728800000| PB 0x0000000728800000| Untracked 
|  59|0x0000000728a00000, 0x0000000728a00000, 0x0000000728c00000|  0%| F|  |TAMS 0x0000000728a00000| PB 0x0000000728a00000| Untracked 
|  60|0x0000000728c00000, 0x0000000728c00000, 0x0000000728e00000|  0%| F|  |TAMS 0x0000000728c00000| PB 0x0000000728c00000| Untracked 
|  61|0x0000000728e00000, 0x0000000728e00000, 0x0000000729000000|  0%| F|  |TAMS 0x0000000728e00000| PB 0x0000000728e00000| Untracked 
|  62|0x0000000729000000, 0x0000000729000000, 0x0000000729200000|  0%| F|  |TAMS 0x0000000729000000| PB 0x0000000729000000| Untracked 
|  83|0x000000072ba00000, 0x000000072ba00000, 0x000000072bc00000|  0%| F|  |TAMS 0x000000072ba00000| PB 0x000000072ba00000| Untracked 
|  84|0x000000072bc00000, 0x000000072bc00000, 0x000000072be00000|  0%| F|  |TAMS 0x000000072bc00000| PB 0x000000072bc00000| Untracked 
|  85|0x000000072be00000, 0x000000072be00000, 0x000000072c000000|  0%| F|  |TAMS 0x000000072be00000| PB 0x000000072be00000| Untracked 
| 110|0x000000072f000000, 0x000000072f1017e8, 0x000000072f200000| 50%| E|  |TAMS 0x000000072f000000| PB 0x000000072f000000| Complete 
| 111|0x000000072f200000, 0x000000072f400000, 0x000000072f400000|100%| E|CS|TAMS 0x000000072f200000| PB 0x000000072f200000| Complete 

Card table byte_map: [0x0000018d1c3b0000,0x0000018d1cab0000] _byte_map_base: 0x0000018d18aa6000

Marking Bits: (CMBitMap*) 0x0000018d10508080
 Bits: [0x0000018d1cab0000, 0x0000018d20260000)

Polling page: 0x0000018d0fc70000

Metaspace:

Usage:
  Non-class:     46.52 MB used.
      Class:      7.45 MB used.
       Both:     53.97 MB used.

Virtual space:
  Non-class space:       64.00 MB reserved,      46.94 MB ( 73%) committed,  1 nodes.
      Class space:        1.00 GB reserved,       7.81 MB ( <1%) committed,  1 nodes.
             Both:        1.06 GB reserved,      54.75 MB (  5%) committed. 

Chunk freelists:
   Non-Class:  1016.00 KB
       Class:  8.05 MB
        Both:  9.05 MB

MaxMetaspaceSize: unlimited
CompressedClassSpaceSize: 1.00 GB
Initial GC threshold: 21.00 MB
Current GC threshold: 58.88 MB
CDS: on
 - commit_granule_bytes: 65536.
 - commit_granule_words: 8192.
 - virtual_space_node_default_size: 8388608.
 - enlarge_chunks_in_place: 1.
 - use_allocation_guard: 0.


Internal statistics:

num_allocs_failed_limit: 6.
num_arena_births: 1026.
num_arena_deaths: 0.
num_vsnodes_births: 2.
num_vsnodes_deaths: 0.
num_space_committed: 876.
num_space_uncommitted: 0.
num_chunks_returned_to_freelist: 6.
num_chunks_taken_from_freelist: 2935.
num_chunk_merges: 6.
num_chunk_splits: 2109.
num_chunks_enlarged: 1606.
num_inconsistent_stats: 0.

CodeCache: size=49152Kb used=12246Kb max_used=12246Kb free=36905Kb
 bounds [0x0000018d18ba0000, 0x0000018d19800000, 0x0000018d1bba0000]
 total_blobs=6284 nmethods=5659 adapters=545
 compilation: enabled
              stopped_count=0, restarted_count=0
 full_count=0

Compilation events (20 events):
Event: 31.113 Thread 0x0000018d681f8760 5695       1       java.lang.ClassValue$Entry::assertNotPromise (22 bytes)
Event: 31.113 Thread 0x0000018d753ddc40 5697       1       java.util.TreeMap$PrivateEntryIterator::nextEntry (54 bytes)
Event: 31.113 Thread 0x0000018d681f8760 nmethod 5695 0x0000018d19684790 code [0x0000018d19684920, 0x0000018d196849e8]
Event: 31.113 Thread 0x0000018d681f8760 5699       1       java.lang.ClassValue$ClassValueMap::probeHomeLocation (13 bytes)
Event: 31.113 Thread 0x0000018d681f8760 nmethod 5699 0x0000018d19684390 code [0x0000018d19684520, 0x0000018d19684600]
Event: 31.113 Thread 0x0000018d753ddc40 nmethod 5697 0x0000018d19683b90 code [0x0000018d19683d60, 0x0000018d196840a8]
Event: 31.113 Thread 0x0000018d681f8760 5700       1       java.lang.ClassValue$ClassValueMap::loadFromCache (9 bytes)
Event: 31.113 Thread 0x0000018d753ddc40 5701       1       java.lang.ClassValue::castEntry (2 bytes)
Event: 31.113 Thread 0x0000018d738ed760 nmethod 5704 0x0000018d19683190 code [0x0000018d19683360, 0x0000018d19683638]
Event: 31.113 Thread 0x0000018d753ddc40 nmethod 5701 0x0000018d19682e90 code [0x0000018d19683020, 0x0000018d196830e8]
Event: 31.113 Thread 0x0000018d681f8760 nmethod 5700 0x0000018d19682b10 code [0x0000018d19682ca0, 0x0000018d19682d78]
Event: 31.113 Thread 0x0000018d738ed760 5702       1       java.io.ObjectOutputStream$HandleTable::insert (39 bytes)
Event: 31.113 Thread 0x0000018d753ddc40 5683       1       java.io.ObjectStreamClass::getFields (22 bytes)
Event: 31.113 Thread 0x0000018d681f8760 5686       1       sun.rmi.transport.ObjectEndpoint::hashCode (27 bytes)
Event: 31.114 Thread 0x0000018d22d05ab0 nmethod 5692 0x0000018d19682290 code [0x0000018d19682460, 0x0000018d196826a8]
Event: 31.114 Thread 0x0000018d738ed760 nmethod 5702 0x0000018d19681b90 code [0x0000018d19681d40, 0x0000018d19681fb0]
Event: 31.114 Thread 0x0000018d753ddc40 nmethod 5683 0x0000018d19681710 code [0x0000018d196818c0, 0x0000018d19681a28]
Event: 31.114 Thread 0x0000018d738ed760 5687       1       java.rmi.server.ObjID::hashCode (6 bytes)
Event: 31.114 Thread 0x0000018d681f8760 nmethod 5686 0x0000018d19681290 code [0x0000018d19681440, 0x0000018d19681560]
Event: 31.114 Thread 0x0000018d738ed760 nmethod 5687 0x0000018d19680f90 code [0x0000018d19681120, 0x0000018d196811f0]

GC Heap History (20 events):
Event: 2.173 GC heap before
{Heap before GC invocations=1 (full 0):
 garbage-first heap   total 229376K, used 29695K [0x0000000721400000, 0x0000000800000000)
  region size 2048K, 14 young (28672K), 2 survivors (4096K)
 Metaspace       used 11064K, committed 11520K, reserved 1114112K
  class space    used 1430K, committed 1664K, reserved 1048576K
}
Event: 2.180 GC heap after
{Heap after GC invocations=2 (full 0):
 garbage-first heap   total 229376K, used 9386K [0x0000000721400000, 0x0000000800000000)
  region size 2048K, 1 young (2048K), 1 survivors (2048K)
 Metaspace       used 11064K, committed 11520K, reserved 1114112K
  class space    used 1430K, committed 1664K, reserved 1048576K
}
Event: 3.171 GC heap before
{Heap before GC invocations=2 (full 0):
 garbage-first heap   total 229376K, used 58538K [0x0000000721400000, 0x0000000800000000)
  region size 2048K, 26 young (53248K), 1 survivors (2048K)
 Metaspace       used 21083K, committed 21504K, reserved 1114112K
  class space    used 2776K, committed 3008K, reserved 1048576K
}
Event: 3.178 GC heap after
{Heap after GC invocations=3 (full 0):
 garbage-first heap   total 229376K, used 13039K [0x0000000721400000, 0x0000000800000000)
  region size 2048K, 3 young (6144K), 3 survivors (6144K)
 Metaspace       used 21083K, committed 21504K, reserved 1114112K
  class space    used 2776K, committed 3008K, reserved 1048576K
}
Event: 3.523 GC heap before
{Heap before GC invocations=4 (full 0):
 garbage-first heap   total 49152K, used 35567K [0x0000000721400000, 0x0000000800000000)
  region size 2048K, 14 young (28672K), 3 survivors (6144K)
 Metaspace       used 23093K, committed 23552K, reserved 1114112K
  class space    used 3093K, committed 3328K, reserved 1048576K
}
Event: 3.529 GC heap after
{Heap after GC invocations=5 (full 0):
 garbage-first heap   total 49152K, used 14721K [0x0000000721400000, 0x0000000800000000)
  region size 2048K, 1 young (2048K), 1 survivors (2048K)
 Metaspace       used 23093K, committed 23552K, reserved 1114112K
  class space    used 3093K, committed 3328K, reserved 1048576K
}
Event: 4.016 GC heap before
{Heap before GC invocations=5 (full 0):
 garbage-first heap   total 49152K, used 35201K [0x0000000721400000, 0x0000000800000000)
  region size 2048K, 11 young (22528K), 1 survivors (2048K)
 Metaspace       used 25021K, committed 25472K, reserved 1114112K
  class space    used 3374K, committed 3584K, reserved 1048576K
}
Event: 4.020 GC heap after
{Heap after GC invocations=6 (full 0):
 garbage-first heap   total 49152K, used 16404K [0x0000000721400000, 0x0000000800000000)
  region size 2048K, 2 young (4096K), 2 survivors (4096K)
 Metaspace       used 25021K, committed 25472K, reserved 1114112K
  class space    used 3374K, committed 3584K, reserved 1048576K
}
Event: 4.629 GC heap before
{Heap before GC invocations=6 (full 0):
 garbage-first heap   total 49152K, used 36884K [0x0000000721400000, 0x0000000800000000)
  region size 2048K, 12 young (24576K), 2 survivors (4096K)
 Metaspace       used 28231K, committed 28736K, reserved 1114112K
  class space    used 3849K, committed 4096K, reserved 1048576K
}
Event: 4.634 GC heap after
{Heap after GC invocations=7 (full 0):
 garbage-first heap   total 49152K, used 18216K [0x0000000721400000, 0x0000000800000000)
  region size 2048K, 2 young (4096K), 2 survivors (4096K)
 Metaspace       used 28231K, committed 28736K, reserved 1114112K
  class space    used 3849K, committed 4096K, reserved 1048576K
}
Event: 5.033 GC heap before
{Heap before GC invocations=7 (full 0):
 garbage-first heap   total 49152K, used 34600K [0x0000000721400000, 0x0000000800000000)
  region size 2048K, 11 young (22528K), 2 survivors (4096K)
 Metaspace       used 30748K, committed 31360K, reserved 1114112K
  class space    used 4188K, committed 4480K, reserved 1048576K
}
Event: 5.038 GC heap after
{Heap after GC invocations=8 (full 0):
 garbage-first heap   total 49152K, used 19792K [0x0000000721400000, 0x0000000800000000)
  region size 2048K, 2 young (4096K), 2 survivors (4096K)
 Metaspace       used 30748K, committed 31360K, reserved 1114112K
  class space    used 4188K, committed 4480K, reserved 1048576K
}
Event: 5.506 GC heap before
{Heap before GC invocations=8 (full 0):
 garbage-first heap   total 49152K, used 38224K [0x0000000721400000, 0x0000000800000000)
  region size 2048K, 12 young (24576K), 2 survivors (4096K)
 Metaspace       used 35540K, committed 36096K, reserved 1114112K
  class space    used 4719K, committed 4992K, reserved 1048576K
}
Event: 5.511 GC heap after
{Heap after GC invocations=9 (full 0):
 garbage-first heap   total 49152K, used 20966K [0x0000000721400000, 0x0000000800000000)
  region size 2048K, 2 young (4096K), 2 survivors (4096K)
 Metaspace       used 35540K, committed 36096K, reserved 1114112K
  class space    used 4719K, committed 4992K, reserved 1048576K
}
Event: 5.993 GC heap before
{Heap before GC invocations=10 (full 0):
 garbage-first heap   total 49152K, used 39398K [0x0000000721400000, 0x0000000800000000)
  region size 2048K, 11 young (22528K), 2 survivors (4096K)
 Metaspace       used 39221K, committed 39872K, reserved 1114112K
  class space    used 5240K, committed 5504K, reserved 1048576K
}
Event: 5.999 GC heap after
{Heap after GC invocations=11 (full 0):
 garbage-first heap   total 49152K, used 22222K [0x0000000721400000, 0x0000000800000000)
  region size 2048K, 2 young (4096K), 2 survivors (4096K)
 Metaspace       used 39221K, committed 39872K, reserved 1114112K
  class space    used 5240K, committed 5504K, reserved 1048576K
}
Event: 6.483 GC heap before
{Heap before GC invocations=11 (full 0):
 garbage-first heap   total 49152K, used 38606K [0x0000000721400000, 0x0000000800000000)
  region size 2048K, 10 young (20480K), 2 survivors (4096K)
 Metaspace       used 42599K, committed 43200K, reserved 1114112K
  class space    used 5829K, committed 6080K, reserved 1048576K
}
Event: 6.488 GC heap after
{Heap after GC invocations=12 (full 0):
 garbage-first heap   total 139264K, used 22170K [0x0000000721400000, 0x0000000800000000)
  region size 2048K, 1 young (2048K), 1 survivors (2048K)
 Metaspace       used 42599K, committed 43200K, reserved 1114112K
  class space    used 5829K, committed 6080K, reserved 1048576K
}
Event: 29.256 GC heap before
{Heap before GC invocations=12 (full 0):
 garbage-first heap   total 139264K, used 102042K [0x0000000721400000, 0x0000000800000000)
  region size 2048K, 40 young (81920K), 1 survivors (2048K)
 Metaspace       used 55262K, committed 56064K, reserved 1114112K
  class space    used 7624K, committed 8000K, reserved 1048576K
}
Event: 29.266 GC heap after
{Heap after GC invocations=13 (full 0):
 garbage-first heap   total 139264K, used 29003K [0x0000000721400000, 0x0000000800000000)
  region size 2048K, 5 young (10240K), 5 survivors (10240K)
 Metaspace       used 55262K, committed 56064K, reserved 1114112K
  class space    used 7624K, committed 8000K, reserved 1048576K
}

Dll operation events (14 events):
Event: 0.011 Loaded shared library C:\Users\Isabella Muñoz\.jdks\ms-21.0.7\bin\java.dll
Event: 0.264 Loaded shared library C:\Users\Isabella Muñoz\.jdks\ms-21.0.7\bin\zip.dll
Event: 0.270 Loaded shared library C:\Users\Isabella Muñoz\.jdks\ms-21.0.7\bin\instrument.dll
Event: 0.280 Loaded shared library C:\Users\Isabella Muñoz\.jdks\ms-21.0.7\bin\net.dll
Event: 0.284 Loaded shared library C:\Users\Isabella Muñoz\.jdks\ms-21.0.7\bin\nio.dll
Event: 0.290 Loaded shared library C:\Users\Isabella Muñoz\.jdks\ms-21.0.7\bin\zip.dll
Event: 0.356 Loaded shared library C:\Users\Isabella Muñoz\.jdks\ms-21.0.7\bin\jimage.dll
Event: 0.488 Loaded shared library C:\Users\Isabella Muñoz\.jdks\ms-21.0.7\bin\extnet.dll
Event: 0.540 Loaded shared library C:\Users\Isabella Muñoz\.jdks\ms-21.0.7\bin\management.dll
Event: 0.561 Loaded shared library C:\Users\Isabella Muñoz\.jdks\ms-21.0.7\bin\management_ext.dll
Event: 3.451 Loaded shared library C:\Users\Isabella Muñoz\.jdks\ms-21.0.7\bin\sunmscapi.dll
Event: 6.107 Loaded shared library C:\Users\Isabella Muñoz\.jdks\ms-21.0.7\bin\verify.dll
Event: 28.940 Loaded shared library C:\Users\ISABEL~1\AppData\Local\Temp\idea_libasyncProfiler_dll_temp_folder\libasyncProfiler.dll
Event: 29.298 Unloaded dll "C:\Users\ISABEL~1\AppData\Local\Temp\idea_libasyncProfiler_dll_temp_folder\libasyncProfiler.dll" [0x00007ffc1bdc0000]

Deoptimization events (20 events):
Event: 30.048 Thread 0x0000018d711a6a60 DEOPT PACKING pc=0x0000018d192603d4 sp=0x0000005f391feab0
Event: 30.048 Thread 0x0000018d711a6a60 DEOPT UNPACKING pc=0x0000018d18bf4e42 sp=0x0000005f391fdfe0 mode 0
Event: 30.048 Thread 0x0000018d711a6a60 DEOPT PACKING pc=0x0000018d192616a4 sp=0x0000005f391febc0
Event: 30.048 Thread 0x0000018d711a6a60 DEOPT UNPACKING pc=0x0000018d18bf4e42 sp=0x0000005f391fe0e8 mode 0
Event: 30.048 Thread 0x0000018d711a6a60 DEOPT PACKING pc=0x0000018d1926200c sp=0x0000005f391fecc0
Event: 30.048 Thread 0x0000018d711a6a60 DEOPT UNPACKING pc=0x0000018d18bf4e42 sp=0x0000005f391fe148 mode 0
Event: 30.048 Thread 0x0000018d711a6a60 DEOPT PACKING pc=0x0000018d192629bc sp=0x0000005f391fed00
Event: 30.048 Thread 0x0000018d711a6a60 DEOPT UNPACKING pc=0x0000018d18bf4e42 sp=0x0000005f391fe198 mode 0
Event: 30.048 Thread 0x0000018d711a6a60 DEOPT PACKING pc=0x0000018d1926ca1c sp=0x0000005f391fed60
Event: 30.048 Thread 0x0000018d711a6a60 DEOPT UNPACKING pc=0x0000018d18bf4e42 sp=0x0000005f391fe268 mode 0
Event: 30.048 Thread 0x0000018d711a6a60 DEOPT PACKING pc=0x0000018d1912ea1c sp=0x0000005f391fee20
Event: 30.048 Thread 0x0000018d711a6a60 DEOPT UNPACKING pc=0x0000018d18bf4e42 sp=0x0000005f391fe2f0 mode 0
Event: 30.048 Thread 0x0000018d711a6a60 DEOPT PACKING pc=0x0000018d1951b95c sp=0x0000005f391fee90
Event: 30.048 Thread 0x0000018d711a6a60 DEOPT UNPACKING pc=0x0000018d18bf4e42 sp=0x0000005f391fe3c8 mode 0
Event: 30.048 Thread 0x0000018d711a6a60 DEOPT PACKING pc=0x0000018d1925ec94 sp=0x0000005f391fef80
Event: 30.048 Thread 0x0000018d711a6a60 DEOPT UNPACKING pc=0x0000018d18bf4e42 sp=0x0000005f391fe418 mode 0
Event: 31.116 Thread 0x0000018d70deb7d0 DEOPT PACKING pc=0x0000018d1912ea1c sp=0x0000005f385fe950
Event: 31.116 Thread 0x0000018d70deb7d0 DEOPT UNPACKING pc=0x0000018d18bf4e42 sp=0x0000005f385fde20 mode 0
Event: 31.116 Thread 0x0000018d70deb7d0 DEOPT PACKING pc=0x0000018d1951b95c sp=0x0000005f385fe9c0
Event: 31.116 Thread 0x0000018d70deb7d0 DEOPT UNPACKING pc=0x0000018d18bf4e42 sp=0x0000005f385fdf00 mode 0

Classes loaded (20 events):
Event: 29.243 Loading class jdk/jfr/internal/consumer/EventLog
Event: 29.243 Loading class jdk/jfr/internal/consumer/EventLog done
Event: 29.244 Loading class jdk/jfr/internal/MetadataDescriptor
Event: 29.245 Loading class jdk/jfr/internal/MetadataDescriptor done
Event: 29.245 Loading class jdk/jfr/internal/MetadataWriter
Event: 29.245 Loading class jdk/jfr/internal/MetadataWriter done
Event: 29.245 Loading class jdk/jfr/internal/MetadataDescriptor$Element
Event: 29.245 Loading class jdk/jfr/internal/MetadataDescriptor$Element done
Event: 29.246 Loading class jdk/jfr/internal/MetadataDescriptor$Attribute
Event: 29.246 Loading class jdk/jfr/internal/MetadataDescriptor$Attribute done
Event: 29.271 Loading class jdk/jfr/internal/consumer/StringParser$Encoding
Event: 29.271 Loading class jdk/jfr/internal/consumer/StringParser$Encoding done
Event: 29.280 Loading class jdk/jfr/internal/consumer/RepositoryFiles
Event: 29.281 Loading class jdk/jfr/internal/consumer/RepositoryFiles done
Event: 29.284 Loading class jdk/jfr/internal/SettingsManager$InternalSetting
Event: 29.284 Loading class jdk/jfr/internal/SettingsManager$InternalSetting done
Event: 29.291 Loading class jdk/jfr/internal/Utils$ThrottleUnit
Event: 29.291 Loading class jdk/jfr/internal/Utils$ThrottleUnit done
Event: 29.293 Loading class jdk/jfr/internal/periodic/PeriodicType
Event: 29.293 Loading class jdk/jfr/internal/periodic/PeriodicType done

Classes unloaded (0 events):
No events

Classes redefined (9 events):
Event: 29.184 Thread 0x0000018d22ce7430 redefined class name=java.io.FileInputStream, count=1
Event: 29.184 Thread 0x0000018d22ce7430 redefined class name=java.io.FileOutputStream, count=1
Event: 29.184 Thread 0x0000018d22ce7430 redefined class name=java.io.RandomAccessFile, count=1
Event: 29.184 Thread 0x0000018d22ce7430 redefined class name=sun.nio.ch.FileChannelImpl, count=1
Event: 29.184 Thread 0x0000018d22ce7430 redefined class name=java.net.Socket$SocketInputStream, count=1
Event: 29.184 Thread 0x0000018d22ce7430 redefined class name=java.net.Socket$SocketOutputStream, count=1
Event: 29.184 Thread 0x0000018d22ce7430 redefined class name=sun.nio.ch.SocketChannelImpl, count=1
Event: 29.184 Thread 0x0000018d22ce7430 redefined class name=java.lang.Throwable, count=1
Event: 29.184 Thread 0x0000018d22ce7430 redefined class name=java.lang.Error, count=2

Internal exceptions (20 events):
Event: 6.857 Thread 0x0000018d71225c40 Exception <a 'java/lang/NoSuchMethodError'{0x000000072894bb78}: 'java.lang.Object java.lang.invoke.DirectMethodHandle$Holder.invokeStaticInit(java.lang.Object, java.lang.Object, int, java.lang.Object)'> (0x000000072894bb78) 
thrown [s\src\hotspot\share\interpreter\linkResolver.cpp, line 773]
Event: 7.083 Thread 0x0000018d71225c40 Exception <a 'java/lang/NoSuchMethodError'{0x0000000727ef2298}: 'void java.lang.invoke.Invokers$Holder.invokeExact_MT(java.lang.Object, java.lang.Object, java.lang.Object, java.lang.Object)'> (0x0000000727ef2298) 
thrown [s\src\hotspot\share\interpreter\linkResolver.cpp, line 773]
Event: 7.118 Thread 0x0000018d71225c40 Exception <a 'java/lang/NoSuchMethodError'{0x0000000727c6bde8}: 'java.lang.Object java.lang.invoke.DirectMethodHandle$Holder.invokeInterface(java.lang.Object, java.lang.Object, java.lang.Object, java.lang.Object)'> (0x0000000727c6bde8) 
thrown [s\src\hotspot\share\interpreter\linkResolver.cpp, line 773]
Event: 7.157 Thread 0x0000018d71225c40 Exception <a 'java/lang/NoSuchMethodError'{0x0000000727a188c0}: 'java.lang.Object java.lang.invoke.DirectMethodHandle$Holder.newInvokeSpecial(java.lang.Object, java.lang.Object, java.lang.Object, java.lang.Object, java.lang.Object, java.lang.Object)'> (0x0000000727a188c0) 
thrown [s\src\hotspot\share\interpreter\linkResolver.cpp, line 773]
Event: 7.162 Thread 0x0000018d71225c40 Exception <a 'java/lang/NoSuchMethodError'{0x0000000727a6a138}: 'java.lang.Object java.lang.invoke.DirectMethodHandle$Holder.newInvokeSpecial(java.lang.Object, java.lang.Object, java.lang.Object, java.lang.Object, java.lang.Object, java.lang.Object, java.lang.Object, java.lang.Object)'> (0x0000000727a6a138) 
thrown [s\src\hotspot\share\interpreter\linkResolver.cpp, line 773]
Event: 7.430 Thread 0x0000018d71225c40 Exception <a 'java/lang/IncompatibleClassChangeError'{0x0000000727061650}: Found class java.lang.Object, but interface was expected> (0x0000000727061650) 
thrown [s\src\hotspot\share\interpreter\linkResolver.cpp, line 840]
Event: 7.456 Thread 0x0000018d71225c40 Exception <a 'java/lang/IncompatibleClassChangeError'{0x0000000726e0b4e0}: Found class java.lang.Object, but interface was expected> (0x0000000726e0b4e0) 
thrown [s\src\hotspot\share\interpreter\linkResolver.cpp, line 840]
Event: 7.525 Thread 0x0000018d71225c40 Exception <a 'java/lang/NoSuchMethodError'{0x0000000726ff93a0}: 'void java.lang.invoke.DirectMethodHandle$Holder.invokeVirtual(java.lang.Object, java.lang.Object, long)'> (0x0000000726ff93a0) 
thrown [s\src\hotspot\share\interpreter\linkResolver.cpp, line 773]
Event: 7.595 Thread 0x0000018d71225c40 Exception <a 'java/lang/NoSuchMethodError'{0x0000000726b7f988}: 'int java.lang.invoke.DirectMethodHandle$Holder.invokeStaticInit(java.lang.Object, java.lang.Object, java.lang.Object, java.lang.Object)'> (0x0000000726b7f988) 
thrown [s\src\hotspot\share\interpreter\linkResolver.cpp, line 773]
Event: 7.643 Thread 0x0000018d71225c40 Exception <a 'java/lang/IncompatibleClassChangeError'{0x00000007269758a8}: Found class java.lang.Object, but interface was expected> (0x00000007269758a8) 
thrown [s\src\hotspot\share\interpreter\linkResolver.cpp, line 840]
Event: 7.797 Thread 0x0000018d71225c40 Exception <a 'java/lang/NoSuchMethodError'{0x00000007261e3490}: 'java.lang.Object java.lang.invoke.DirectMethodHandle$Holder.newInvokeSpecial(java.lang.Object, java.lang.Object, int, java.lang.Object, java.lang.Object)'> (0x00000007261e3490) 
thrown [s\src\hotspot\share\interpreter\linkResolver.cpp, line 773]
Event: 7.798 Thread 0x0000018d71225c40 Exception <a 'java/lang/NoSuchMethodError'{0x00000007261ee6c0}: 'java.lang.Object java.lang.invoke.DirectMethodHandle$Holder.invokeSpecial(java.lang.Object, java.lang.Object, int, java.lang.Object, int, java.lang.Object)'> (0x00000007261ee6c0) 
thrown [s\src\hotspot\share\interpreter\linkResolver.cpp, line 773]
Event: 7.798 Thread 0x0000018d71225c40 Exception <a 'java/lang/NoSuchMethodError'{0x00000007261f5d60}: 'java.lang.Object java.lang.invoke.DirectMethodHandle$Holder.newInvokeSpecial(java.lang.Object, java.lang.Object, int, java.lang.Object, int)'> (0x00000007261f5d60) 
thrown [s\src\hotspot\share\interpreter\linkResolver.cpp, line 773]
Event: 7.798 Thread 0x0000018d71225c40 Exception <a 'java/lang/NoSuchMethodError'{0x00000007261f9c70}: 'java.lang.Object java.lang.invoke.DirectMethodHandle$Holder.invokeSpecial(java.lang.Object, java.lang.Object, java.lang.Object, int, java.lang.Object, int)'> (0x00000007261f9c70) 
thrown [s\src\hotspot\share\interpreter\linkResolver.cpp, line 773]
Event: 7.859 Thread 0x0000018d711a6a60 Exception <a 'java/lang/NoSuchMethodError'{0x0000000725c45420}: 'java.lang.Object java.lang.invoke.DirectMethodHandle$Holder.invokeInterface(java.lang.Object, java.lang.Object, java.lang.Object, java.lang.Object, java.lang.Object, java.lang.Object, java.lang.Object)'> (0x0000000725c45420) 
thrown [s\src\hotspot\share\interpreter\linkResolver.cpp, line 773]
Event: 28.984 Thread 0x0000018d22d00360 Exception <a 'java/lang/NoSuchMethodError'{0x0000000725df00c8}: 'void java.lang.invoke.DirectMethodHandle$Holder.invokeStaticInit(java.lang.Object)'> (0x0000000725df00c8) 
thrown [s\src\hotspot\share\interpreter\linkResolver.cpp, line 773]
Event: 29.216 Thread 0x0000018d22d00360 Exception <a 'java/lang/NoSuchMethodError'{0x0000000724e5fde8}: 'java.lang.Object java.lang.invoke.DirectMethodHandle$Holder.newInvokeSpecial(java.lang.Object, java.lang.Object, int)'> (0x0000000724e5fde8) 
thrown [s\src\hotspot\share\interpreter\linkResolver.cpp, line 773]
Event: 29.228 Thread 0x0000018d22d00360 Exception <a 'sun/nio/fs/WindowsException'{0x0000000724e7fc20}> (0x0000000724e7fc20) 
thrown [s\src\hotspot\share\prims\jni.cpp, line 520]
Event: 29.232 Thread 0x0000018d22d00360 Exception <a 'sun/nio/fs/WindowsException'{0x0000000724e87800}> (0x0000000724e87800) 
thrown [s\src\hotspot\share\prims\jni.cpp, line 520]
Event: 29.240 Thread 0x0000018d22d00360 Exception <a 'sun/nio/fs/WindowsException'{0x0000000724ebb9a0}> (0x0000000724ebb9a0) 
thrown [s\src\hotspot\share\prims\jni.cpp, line 520]

ZGC Phase Switch (0 events):
No events

VM Operations (20 events):
Event: 21.677 Executing VM operation: Cleanup
Event: 21.677 Executing VM operation: Cleanup done
Event: 22.677 Executing VM operation: Cleanup
Event: 22.678 Executing VM operation: Cleanup done
Event: 25.706 Executing VM operation: Cleanup
Event: 25.706 Executing VM operation: Cleanup done
Event: 26.720 Executing VM operation: Cleanup
Event: 26.720 Executing VM operation: Cleanup done
Event: 29.099 Executing VM operation: HandshakeAllThreads (Deoptimize)
Event: 29.099 Executing VM operation: HandshakeAllThreads (Deoptimize) done
Event: 29.099 Executing VM operation: Cleanup
Event: 29.099 Executing VM operation: Cleanup done
Event: 29.108 Executing VM operation: HandshakeAllThreads (Deoptimize)
Event: 29.108 Executing VM operation: HandshakeAllThreads (Deoptimize) done
Event: 29.178 Executing VM operation: RedefineClasses
Event: 29.212 Executing VM operation: RedefineClasses done
Event: 29.256 Executing VM operation: G1CollectForAllocation (G1 Evacuation Pause)
Event: 29.266 Executing VM operation: G1CollectForAllocation (G1 Evacuation Pause) done
Event: 29.282 Executing VM operation: JFRCheckpoint
Event: 29.282 Executing VM operation: JFRCheckpoint done

Memory protections (0 events):
No events

Nmethod flushes (20 events):
Event: 5.529 Thread 0x0000018d22ce7430 flushing  nmethod 0x0000018d18ea9710
Event: 5.529 Thread 0x0000018d22ce7430 flushing  nmethod 0x0000018d18eaa710
Event: 5.529 Thread 0x0000018d22ce7430 flushing  nmethod 0x0000018d18eaab10
Event: 5.529 Thread 0x0000018d22ce7430 flushing  nmethod 0x0000018d18eab110
Event: 5.529 Thread 0x0000018d22ce7430 flushing  nmethod 0x0000018d18eab610
Event: 5.529 Thread 0x0000018d22ce7430 flushing  nmethod 0x0000018d18ead090
Event: 5.529 Thread 0x0000018d22ce7430 flushing  nmethod 0x0000018d18f21710
Event: 5.529 Thread 0x0000018d22ce7430 flushing  nmethod 0x0000018d18f95210
Event: 5.529 Thread 0x0000018d22ce7430 flushing  nmethod 0x0000018d18fda110
Event: 5.529 Thread 0x0000018d22ce7430 flushing  nmethod 0x0000018d190a4a90
Event: 5.529 Thread 0x0000018d22ce7430 flushing  nmethod 0x0000018d18f0d610
Event: 5.529 Thread 0x0000018d22ce7430 flushing  nmethod 0x0000018d18f0fd90
Event: 5.529 Thread 0x0000018d22ce7430 flushing  nmethod 0x0000018d18d73090
Event: 5.529 Thread 0x0000018d22ce7430 flushing  nmethod 0x0000018d18e24510
Event: 5.529 Thread 0x0000018d22ce7430 flushing  nmethod 0x0000018d18ed9990
Event: 5.529 Thread 0x0000018d22ce7430 flushing  nmethod 0x0000018d18f06590
Event: 5.529 Thread 0x0000018d22ce7430 flushing  nmethod 0x0000018d18f2ae10
Event: 5.529 Thread 0x0000018d22ce7430 flushing  nmethod 0x0000018d18f6bd10
Event: 5.529 Thread 0x0000018d22ce7430 flushing  nmethod 0x0000018d18ff3310
Event: 5.529 Thread 0x0000018d22ce7430 flushing  nmethod 0x0000018d19103690

Events (20 events):
Event: 7.852 Thread 0x0000018d72b96d90 Thread exited: 0x0000018d72b96d90
Event: 7.853 Thread 0x0000018d711a6a60 Thread added: 0x0000018d72b9a210
Event: 7.863 Thread 0x0000018d72b9a210 Thread exited: 0x0000018d72b9a210
Event: 7.866 Thread 0x0000018d711a6a60 Thread added: 0x0000018d72b9a210
Event: 7.874 Thread 0x0000018d72b9a210 Thread exited: 0x0000018d72b9a210
Event: 8.453 Thread 0x0000018d71d21c40 Thread exited: 0x0000018d71d21c40
Event: 9.457 Thread 0x0000018d22d5e1f0 Thread exited: 0x0000018d22d5e1f0
Event: 10.404 Thread 0x0000018d22d5db50 Thread exited: 0x0000018d22d5db50
Event: 10.924 Thread 0x0000018d711a7e10 Thread exited: 0x0000018d711a7e10
Event: 28.981 Thread 0x0000018d22d00360 Thread added: 0x0000018d72b9af30
Event: 29.045 Thread 0x0000018d22d05ab0 Thread added: 0x0000018d738ed760
Event: 29.143 Thread 0x0000018d738ed760 Thread added: 0x0000018d753ddc40
Event: 29.143 Thread 0x0000018d738ed760 Thread added: 0x0000018d753de2e0
Event: 29.217 Thread 0x0000018d22d00360 Thread added: 0x0000018d711a7e10
Event: 29.822 Thread 0x0000018d753de2e0 Thread exited: 0x0000018d753de2e0
Event: 30.820 Thread 0x0000018d738ed760 Thread exited: 0x0000018d738ed760
Event: 30.820 Thread 0x0000018d753ddc40 Thread exited: 0x0000018d753ddc40
Event: 31.112 Thread 0x0000018d22d05ab0 Thread added: 0x0000018d738ed760
Event: 31.112 Thread 0x0000018d22d05ab0 Thread added: 0x0000018d681f8760
Event: 31.112 Thread 0x0000018d22d05ab0 Thread added: 0x0000018d753ddc40


Dynamic libraries:
0x00007ff7a45b0000 - 0x00007ff7a45be000 	C:\Users\Isabella Muñoz\.jdks\ms-21.0.7\bin\java.exe
0x00007ffc608b0000 - 0x00007ffc60aa8000 	C:\WINDOWS\SYSTEM32\ntdll.dll
0x00007ffc5fc00000 - 0x00007ffc5fcc2000 	C:\WINDOWS\System32\KERNEL32.DLL
0x00007ffc5df50000 - 0x00007ffc5e246000 	C:\WINDOWS\System32\KERNELBASE.dll
0x00007ffc5e780000 - 0x00007ffc5e880000 	C:\WINDOWS\System32\ucrtbase.dll
0x00007ffc467d0000 - 0x00007ffc467e8000 	C:\Users\Isabella Muñoz\.jdks\ms-21.0.7\bin\jli.dll
0x00007ffc4c110000 - 0x00007ffc4c12d000 	C:\Users\Isabella Muñoz\.jdks\ms-21.0.7\bin\VCRUNTIME140.dll
0x00007ffc5ec60000 - 0x00007ffc5edfd000 	C:\WINDOWS\System32\USER32.dll
0x00007ffc5e880000 - 0x00007ffc5e8a2000 	C:\WINDOWS\System32\win32u.dll
0x00007ffc46f80000 - 0x00007ffc4721a000 	C:\WINDOWS\WinSxS\amd64_microsoft.windows.common-controls_6595b64144ccf1df_6.0.19041.5794_none_60bcd33171f2783c\COMCTL32.dll
0x00007ffc5fa80000 - 0x00007ffc5faab000 	C:\WINDOWS\System32\GDI32.dll
0x00007ffc5ea10000 - 0x00007ffc5eaae000 	C:\WINDOWS\System32\msvcrt.dll
0x00007ffc5e250000 - 0x00007ffc5e36a000 	C:\WINDOWS\System32\gdi32full.dll
0x00007ffc5e520000 - 0x00007ffc5e5bd000 	C:\WINDOWS\System32\msvcp_win.dll
0x00007ffc60220000 - 0x00007ffc6024f000 	C:\WINDOWS\System32\IMM32.DLL
0x00007ffc59a30000 - 0x00007ffc59a3c000 	C:\Users\Isabella Muñoz\.jdks\ms-21.0.7\bin\vcruntime140_1.dll
0x00007ffc3c5d0000 - 0x00007ffc3c65d000 	C:\Users\Isabella Muñoz\.jdks\ms-21.0.7\bin\msvcp140.dll
0x00007ffbe3ee0000 - 0x00007ffbe4c78000 	C:\Users\Isabella Muñoz\.jdks\ms-21.0.7\bin\server\jvm.dll
0x00007ffc60170000 - 0x00007ffc6021f000 	C:\WINDOWS\System32\ADVAPI32.dll
0x00007ffc5f770000 - 0x00007ffc5f80f000 	C:\WINDOWS\System32\sechost.dll
0x00007ffc5e8e0000 - 0x00007ffc5ea03000 	C:\WINDOWS\System32\RPCRT4.dll
0x00007ffc5e8b0000 - 0x00007ffc5e8d7000 	C:\WINDOWS\System32\bcrypt.dll
0x00007ffc5f9b0000 - 0x00007ffc5fa1b000 	C:\WINDOWS\System32\WS2_32.dll
0x00007ffc5ddb0000 - 0x00007ffc5ddfb000 	C:\WINDOWS\SYSTEM32\POWRPROF.dll
0x00007ffc535e0000 - 0x00007ffc53607000 	C:\WINDOWS\SYSTEM32\WINMM.dll
0x00007ffc53610000 - 0x00007ffc5361a000 	C:\WINDOWS\SYSTEM32\VERSION.dll
0x00007ffc5dd90000 - 0x00007ffc5dda2000 	C:\WINDOWS\SYSTEM32\UMPDC.dll
0x00007ffc5c770000 - 0x00007ffc5c782000 	C:\WINDOWS\SYSTEM32\kernel.appcore.dll
0x00007ffc56060000 - 0x00007ffc5606a000 	C:\Users\Isabella Muñoz\.jdks\ms-21.0.7\bin\jimage.dll
0x00007ffc5c530000 - 0x00007ffc5c731000 	C:\WINDOWS\SYSTEM32\DBGHELP.DLL
0x00007ffc42e60000 - 0x00007ffc42e94000 	C:\WINDOWS\SYSTEM32\dbgcore.DLL
0x00007ffc5e670000 - 0x00007ffc5e6f2000 	C:\WINDOWS\System32\bcryptPrimitives.dll
0x00007ffc4dbd0000 - 0x00007ffc4dbdf000 	C:\Users\Isabella Muñoz\.jdks\ms-21.0.7\bin\instrument.dll
0x00007ffc467b0000 - 0x00007ffc467d0000 	C:\Users\Isabella Muñoz\.jdks\ms-21.0.7\bin\java.dll
0x00007ffc5ef90000 - 0x00007ffc5f6fe000 	C:\WINDOWS\System32\SHELL32.dll
0x00007ffc5bd80000 - 0x00007ffc5c523000 	C:\WINDOWS\SYSTEM32\windows.storage.dll
0x00007ffc5fd80000 - 0x00007ffc600d3000 	C:\WINDOWS\System32\combase.dll
0x00007ffc5d8b0000 - 0x00007ffc5d8db000 	C:\WINDOWS\SYSTEM32\Wldp.dll
0x00007ffc5fab0000 - 0x00007ffc5fb7d000 	C:\WINDOWS\System32\OLEAUT32.dll
0x00007ffc5fcd0000 - 0x00007ffc5fd7d000 	C:\WINDOWS\System32\SHCORE.dll
0x00007ffc5f700000 - 0x00007ffc5f755000 	C:\WINDOWS\System32\shlwapi.dll
0x00007ffc5de80000 - 0x00007ffc5dea5000 	C:\WINDOWS\SYSTEM32\profapi.dll
0x00007ffc41d50000 - 0x00007ffc41d68000 	C:\Users\Isabella Muñoz\.jdks\ms-21.0.7\bin\zip.dll
0x00007ffc4dba0000 - 0x00007ffc4dbb0000 	C:\Users\Isabella Muñoz\.jdks\ms-21.0.7\bin\net.dll
0x00007ffc55a40000 - 0x00007ffc55b4a000 	C:\WINDOWS\SYSTEM32\WINHTTP.dll
0x00007ffc5d610000 - 0x00007ffc5d67c000 	C:\WINDOWS\system32\mswsock.dll
0x00007ffc42cd0000 - 0x00007ffc42ce6000 	C:\Users\Isabella Muñoz\.jdks\ms-21.0.7\bin\nio.dll
0x00007ffc4db50000 - 0x00007ffc4db59000 	C:\Users\Isabella Muñoz\.jdks\ms-21.0.7\bin\extnet.dll
0x00007ffc5d330000 - 0x00007ffc5d3fa000 	C:\WINDOWS\SYSTEM32\DNSAPI.dll
0x00007ffc5d2f0000 - 0x00007ffc5d32b000 	C:\WINDOWS\SYSTEM32\IPHLPAPI.DLL
0x00007ffc5f760000 - 0x00007ffc5f768000 	C:\WINDOWS\System32\NSI.dll
0x00007ffc458e0000 - 0x00007ffc458ea000 	C:\Windows\System32\rasadhlp.dll
0x00007ffc45b50000 - 0x00007ffc45bd0000 	C:\WINDOWS\System32\fwpuclnt.dll
0x00007ffc4d980000 - 0x00007ffc4d98a000 	C:\Users\Isabella Muñoz\.jdks\ms-21.0.7\bin\management.dll
0x00007ffc4d3c0000 - 0x00007ffc4d3cb000 	C:\Users\Isabella Muñoz\.jdks\ms-21.0.7\bin\management_ext.dll
0x00007ffc602d0000 - 0x00007ffc602d8000 	C:\WINDOWS\System32\PSAPI.DLL
0x00007ffc5d810000 - 0x00007ffc5d828000 	C:\WINDOWS\SYSTEM32\CRYPTSP.dll
0x00007ffc5cf30000 - 0x00007ffc5cf68000 	C:\WINDOWS\system32\rsaenh.dll
0x00007ffc5de40000 - 0x00007ffc5de6e000 	C:\WINDOWS\SYSTEM32\USERENV.dll
0x00007ffc5d800000 - 0x00007ffc5d80c000 	C:\WINDOWS\SYSTEM32\CRYPTBASE.dll
0x00007ffc23460000 - 0x00007ffc23477000 	C:\WINDOWS\system32\napinsp.dll
0x00007ffc23440000 - 0x00007ffc2345b000 	C:\WINDOWS\system32\pnrpnsp.dll
0x00007ffc59d30000 - 0x00007ffc59d4d000 	C:\WINDOWS\system32\NLAapi.dll
0x00007ffc23420000 - 0x00007ffc23432000 	C:\WINDOWS\System32\winrnr.dll
0x00007ffc5abd0000 - 0x00007ffc5abed000 	C:\WINDOWS\system32\wshbth.dll
0x00007ffc41ca0000 - 0x00007ffc41cf1000 	C:\WINDOWS\SYSTEM32\pdh.dll
0x00007ffc5a1c0000 - 0x00007ffc5a1cf000 	C:\WINDOWS\System32\perfproc.dll
0x00007ffc5a140000 - 0x00007ffc5a14f000 	C:\WINDOWS\System32\perfos.dll
0x00007ffc4cf90000 - 0x00007ffc4cf9e000 	C:\Users\Isabella Muñoz\.jdks\ms-21.0.7\bin\sunmscapi.dll
0x00007ffc5e3c0000 - 0x00007ffc5e51d000 	C:\WINDOWS\System32\CRYPT32.dll
0x00007ffc5d920000 - 0x00007ffc5d947000 	C:\WINDOWS\SYSTEM32\ncrypt.dll
0x00007ffc5d8e0000 - 0x00007ffc5d91b000 	C:\WINDOWS\SYSTEM32\NTASN1.dll
0x00007ffc4bb70000 - 0x00007ffc4bb80000 	C:\Users\Isabella Muñoz\.jdks\ms-21.0.7\bin\verify.dll
0x00007ffc4ddf0000 - 0x00007ffc4ddf7000 	C:\WINDOWS\system32\wshunix.dll

dbghelp: loaded successfully - version: 4.0.5 - missing functions: none
symbol engine: initialized successfully - sym options: 0x614 - pdb path: .;C:\Users\Isabella Muñoz\.jdks\ms-21.0.7\bin;C:\WINDOWS\SYSTEM32;C:\WINDOWS\WinSxS\amd64_microsoft.windows.common-controls_6595b64144ccf1df_6.0.19041.5794_none_60bcd33171f2783c;C:\Users\Isabella Muñoz\.jdks\ms-21.0.7\bin\server;C:\Users\ISABEL~1\AppData\Local\Temp\idea_libasyncProfiler_dll_temp_folder

VM Arguments:
jvm_args: -XX:TieredStopAtLevel=1 -Dspring.output.ansi.enabled=always -Dcom.sun.management.jmxremote -Dspring.jmx.enabled=true -Dspring.liveBeansView.mbeanDomain -Dspring.application.admin.enabled=true -Dmanagement.endpoints.jmx.exposure.include=* -javaagent:C:\Program Files\JetBrains\IntelliJ IDEA 2025.1.1.1\lib\idea_rt.jar=60802 -Dfile.encoding=UTF-8 -Dsun.stdout.encoding=UTF-8 -Dsun.stderr.encoding=UTF-8 
java_command: org.example.Main
java_class_path (initial): C:\Users\Isabella Muñoz\Documents\JGC\ProyectoCalidad\target\classes;C:\Users\Isabella Muñoz\.m2\repository\org\springframework\boot\spring-boot-starter-web\3.3.0\spring-boot-starter-web-3.3.0.jar;C:\Users\Isabella Muñoz\.m2\repository\org\springframework\boot\spring-boot-starter\3.3.0\spring-boot-starter-3.3.0.jar;C:\Users\Isabella Muñoz\.m2\repository\org\springframework\boot\spring-boot-starter-logging\3.3.0\spring-boot-starter-logging-3.3.0.jar;C:\Users\Isabella Muñoz\.m2\repository\ch\qos\logback\logback-classic\1.5.6\logback-classic-1.5.6.jar;C:\Users\Isabella Muñoz\.m2\repository\ch\qos\logback\logback-core\1.5.6\logback-core-1.5.6.jar;C:\Users\Isabella Muñoz\.m2\repository\org\apache\logging\log4j\log4j-to-slf4j\2.23.1\log4j-to-slf4j-2.23.1.jar;C:\Users\Isabella Muñoz\.m2\repository\org\apache\logging\log4j\log4j-api\2.23.1\log4j-api-2.23.1.jar;C:\Users\Isabella Muñoz\.m2\repository\org\slf4j\jul-to-slf4j\2.0.13\jul-to-slf4j-2.0.13.jar;C:\Users\Isabella Muñoz\.m2\repository\jakarta\annotation\jakarta.annotation-api\2.1.1\jakarta.annotation-api-2.1.1.jar;C:\Users\Isabella Muñoz\.m2\repository\org\yaml\snakeyaml\2.2\snakeyaml-2.2.jar;C:\Users\Isabella Muñoz\.m2\repository\org\springframework\boot\spring-boot-starter-json\3.3.0\spring-boot-starter-json-3.3.0.jar;C:\Users\Isabella Muñoz\.m2\repository\com\fasterxml\jackson\core\jackson-databind\2.17.1\jackson-databind-2.17.1.jar;C:\Users\Isabella Muñoz\.m2\repository\com\fasterxml\jackson\core\jackson-annotations\2.17.1\jackson-annotations-2.17.1.jar;C:\Users\Isabella Muñoz\.m2\repository\com\fasterxml\jackson\core\jackson-core\2.17.1\jackson-core-2.17.1.jar;C:\Users\Isabella Muñoz\.m2\repository\com\fasterxml\jackson\datatype\jackson-datatype-jdk8\2.17.1\jackson-datatype-jdk8-2.17.1.jar;C:\Users\Isabella Muñoz\.m2\repository\com\fasterxml\jackson\datatype\jackson-datatype-jsr310\2.17.1\jackson-datatype-jsr310-2.17.1.jar;C:\Users\Isabella Muñoz\.m2\repository\com\fasterxml\jackson\module\jackson-module-parameter-names\2.17.1\jackson-module-parameter-names-2.17.1.jar;C:\Users\Isabella Muñoz\.m2\repository\org\springframework\boot\spring-boot-starter-tomcat\3.3.0\spring-boot-starter-tomcat-3.3.0.jar;C:\Users\Isabella Muñoz\.m2\repository\org\apache\tomcat\embed\tomcat-embed-core\10.1.24\tomcat-embed-core-10.1.24.jar;C:\Users\Isabella Muñoz\.m2\repository\org\apache\tomcat\embed\tomcat-embed-websocket\10.1.24\tomcat-embed-websocket-10.1.24.jar;C:\Users\Isabella Muñoz\.m2\repository\org\springframework\spring-web\6.1.8\spring-web-6.1.8.jar;C:\Users\Isabella Muñoz\.m2\repository\org\springframework\spring-beans\6.1.8\spring-beans-6.1.8.jar;C:\Users\Isabella Muñoz\.m2\repository\io\micrometer\micrometer-observation\1.13.0\micrometer-observation-1.13.0.jar;C:\Users\Isabella Muñoz\.m2\repository\io\micrometer\micrometer-commons\1.13.0\micrometer-commons-1.13.0.jar;C:\Users\Isabella Muñoz\.m2\repository\org\springframework\spring-webmvc\6.1.8\spring-webmvc-6.1.8.jar;C:\Users\Isabella Muñoz\.m2\repository\org\springframework\spring-aop\6.1.8\spring-aop-6.1.8.jar;C:\Users\Isabella Muñoz\.m2\repository\org\springframework\spring-context\6.1.8\spring-context-6.1.8.jar;C:\Users\Isabella Muñoz\.m2\repository\org\springframework\spring-expression\6.1.8\spring-expression-6.1.8.jar;C:\Users\Isabella Muñoz\.m2\repository\org\springframework\boot\spring-boot-starter-data-jpa\3.3.0\spring-boot-starter-data-jpa-3.3.0.jar;C:\Users\Isabella Muñoz\.m2\repository\org\springframework\boot\spring-boot-starter-aop\3.3.0\spring-boot-starter-aop-3.3.0.jar;C:\Users\Isabella Muñoz\.m2\repository\org\aspectj\aspectjweaver\1.9.22\aspectjweaver-1.9.22.jar;C:\Users\Isabella Muñoz\.m2\repository\org\springframework\boot\spring-boot-starter-jdbc\3.3.0\spring-boot-starter-jdbc-3.3.0.jar;C:\Users\Isabella Muñoz\.m2\repository\com\zaxxer\HikariCP\5.1.0\HikariCP-5.1.0.jar;C:\Users\Isabella Muñoz\.m2\repository\org\springframework\spring-jdbc\6.1.8\spring-jdbc-6.1.8.jar;C:\Users\Isabella Muñoz\.m2\repository\org\hibernate\orm\hibernate-core\6.5.2.Final\hibernate-core-6.5.2.Final.jar;C:\Users\Isabella Muñoz\.m2\repository\jakarta\persistence\jakarta.persistence-api\3.1.0\jakarta.persistence-api-3.1.0.jar;C:\Users\Isabella Muñoz\.m2\repository\jakarta\transaction\jakarta.transaction-api\2.0.1\jakarta.transaction-api-2.0.1.jar;C:\Users\Isabella Muñoz\.m2\repository\org\jboss\logging\jboss-logging\3.5.3.Final\jboss-logging-3.5.3.Final.jar;C:\Users\Isabella Muñoz\.m2\repository\org\hibernate\common\hibernate-commons-annotations\6.0.6.Final\hibernate-commons-annotations-6.0.6.Final.jar;C:\Users\Isabella Muñoz\.m2\repository\io\smallrye\jandex\3.1.2\jandex-3.1.2.jar;C:\Users\Isabella Muñoz\.m2\repository\com\fasterxml\classmate\1.7.0\classmate-1.7.0.jar;C:\Users\Isabella Muñoz\.m2\repository\net\bytebuddy\byte-buddy\1.14.16\byte-buddy-1.14.16.jar;C:\Users\Isabella Muñoz\.m2\repository\org\glassfish\jaxb\jaxb-runtime\4.0.5\jaxb-runtime-4.0.5.jar;C:\Users\Isabella Muñoz\.m2\repository\org\glassfish\jaxb\jaxb-core\4.0.5\jaxb-core-4.0.5.jar;C:\Users\Isabella Muñoz\.m2\repository\org\eclipse\angus\angus-activation\2.0.2\angus-activation-2.0.2.jar;C:\Users\Isabella Muñoz\.m2\repository\org\glassfish\jaxb\txw2\4.0.5\txw2-4.0.5.jar;C:\Users\Isabella Muñoz\.m2\repository\com\sun\istack\istack-commons-runtime\4.1.2\istack-commons-runtime-4.1.2.jar;C:\Users\Isabella Muñoz\.m2\repository\jakarta\inject\jakarta.inject-api\2.0.1\jakarta.inject-api-2.0.1.jar;C:\Users\Isabella Muñoz\.m2\repository\org\antlr\antlr4-runtime\4.13.0\antlr4-runtime-4.13.0.jar;C:\Users\Isabella Muñoz\.m2\repository\org\springframework\data\spring-data-jpa\3.3.0\spring-data-jpa-3.3.0.jar;C:\Users\Isabella Muñoz\.m2\repository\org\springframework\data\spring-data-commons\3.3.0\spring-data-commons-3.3.0.jar;C:\Users\Isabella Muñoz\.m2\repository\org\springframework\spring-orm\6.1.8\spring-orm-6.1.8.jar;C:\Users\Isabella Muñoz\.m2\repository\org\springframework\spring-tx\6.1.8\spring-tx-6.1.8.jar;C:\Users\Isabella Muñoz\.m2\repository\org\slf4j\slf4j-api\2.0.13\slf4j-api-2.0.13.jar;C:\Users\Isabella Muñoz\.m2\repository\org\springframework\spring-aspects\6.1.8\spring-aspects-6.1.8.jar;C:\Users\Isabella Muñoz\.m2\repository\org\springframework\boot\spring-boot-starter-validation\3.3.0\spring-boot-starter-validation-3.3.0.jar;C:\Users\Isabella Muñoz\.m2\repository\org\apache\tomcat\embed\tomcat-embed-el\10.1.24\tomcat-embed-el-10.1.24.jar;C:\Users\Isabella Muñoz\.m2\repository\org\hibernate\validator\hibernate-validator\8.0.1.Final\hibernate-validator-8.0.1.Final.jar;C:\Users\Isabella Muñoz\.m2\repository\jakarta\validation\jakarta.validation-api\3.0.2\jakarta.validation-api-3.0.2.jar;C:\Users\Isabella Muñoz\.m2\repository\org\springframework\boot\spring-boot-devtools\3.3.0\spring-boot-devtools-3.3.0.jar;C:\Users\Isabella Muñoz\.m2\repository\org\springframework\boot\spring-boot\3.3.0\spring-boot-3.3.0.jar;C:\Users\Isabella Muñoz\.m2\repository\org\springframework\boot\spring-boot-autoconfigure\3.3.0\spring-boot-autoconfigure-3.3.0.jar;C:\Users\Isabella Muñoz\.m2\repository\com\h2database\h2\2.2.224\h2-2.2.224.jar;C:\Users\Isabella Muñoz\.m2\repository\org\projectlombok\lombok\1.18.32\lombok-1.18.32.jar;C:\Users\Isabella Muñoz\.m2\repository\jakarta\xml\bind\jakarta.xml.bind-api\4.0.2\jakarta.xml.bind-api-4.0.2.jar;C:\Users\Isabella Muñoz\.m2\repository\jakarta\activation\jakarta.activation-api\2.1.3\jakarta.activation-api-2.1.3.jar;C:\Users\Isabella Muñoz\.m2\repository\org\springframework\spring-core\6.1.8\spring-core-6.1.8.jar;C:\Users\Isabella Muñoz\.m2\repository\org\springframework\spring-jcl\6.1.8\spring-jcl-6.1.8.jar
Launcher Type: SUN_STANDARD

[Global flags]
     intx CICompilerCount                          = 4                                         {product} {ergonomic}
     uint ConcGCThreads                            = 2                                         {product} {ergonomic}
     bool FlightRecorder                           = true                                      {product} {management}
     uint G1ConcRefinementThreads                  = 8                                         {product} {ergonomic}
   size_t G1HeapRegionSize                         = 2097152                                   {product} {ergonomic}
    uintx GCDrainStackTargetSize                   = 64                                        {product} {ergonomic}
   size_t InitialHeapSize                          = 234881024                                 {product} {ergonomic}
     bool ManagementServer                         = true                                      {product} {command line}
   size_t MarkStackSize                            = 4194304                                   {product} {ergonomic}
   size_t MaxHeapSize                              = 3737124864                                {product} {ergonomic}
   size_t MaxNewSize                               = 2241855488                                {product} {ergonomic}
   size_t MinHeapDeltaBytes                        = 2097152                                   {product} {ergonomic}
   size_t MinHeapSize                              = 8388608                                   {product} {ergonomic}
    uintx NonNMethodCodeHeapSize                   = 4096                                   {pd product} {ergonomic}
    uintx NonProfiledCodeHeapSize                  = 0                                      {pd product} {ergonomic}
     bool ProfileInterpreter                       = false                                  {pd product} {command line}
    uintx ProfiledCodeHeapSize                     = 0                                      {pd product} {ergonomic}
   size_t SoftMaxHeapSize                          = 3737124864                             {manageable} {ergonomic}
     intx TieredStopAtLevel                        = 1                                         {product} {command line}
     bool UseCompressedOops                        = true                           {product lp64_product} {ergonomic}
     bool UseG1GC                                  = true                                      {product} {ergonomic}
     bool UseLargePagesIndividualAllocation        = false                                  {pd product} {ergonomic}

Logging:
Log output configuration:
 #0: stdout all=warning uptime,level,tags foldmultilines=false
 #1: stderr all=off uptime,level,tags foldmultilines=false

Environment Variables:
PATH=C:\Program Files (x86)\Common Files\Oracle\Java\java8path;C:\Program Files (x86)\Common Files\Oracle\Java\javapath;C:\Program Files\Eclipse Adoptium\jdk-21.0.6.7-hotspot\bin;C:\WINDOWS\system32;C:\WINDOWS;C:\WINDOWS\System32\Wbem;C:\WINDOWS\System32\WindowsPowerShell\v1.0\;C:\WINDOWS\System32\OpenSSH\;C:\Program Files\Microsoft SQL Server\150\Tools\Binn\;C:\Program Files\Git\cmd;C:\Program Files\nodejs\;C:\Program Files\dotnet\;C:\Program Files\Microsoft SQL Server\Client SDK\ODBC\170\Tools\Binn\;C:\Program Files (x86)\Microsoft SQL Server\160\Tools\Binn\;C:\Program Files\Microsoft SQL Server\160\Tools\Binn\;C:\Program Files\Microsoft SQL Server\160\DTS\Binn\;C:\Users\Isabella Muñoz\AppData\Local\Programs\Python\Python313\Scripts\;C:\Users\Isabella Muñoz\AppData\Local\Programs\Python\Python313\;C:\Users\Isabella Muñoz\AppData\Local\Programs\Python\Launcher\;C:\Users\Isabella Muñoz\AppData\Local\Microsoft\WindowsApps;C:\Users\Isabella Muñoz\AppData\Local\Programs\Microsoft VS Code\bin;C:\Users\Isabella Muñoz\AppData\Roaming\npm;C:\Users\Isabella Muñoz\.dotnet\tools
USERNAME=Isabella Muñoz
OS=Windows_NT
PROCESSOR_IDENTIFIER=AMD64 Family 23 Model 24 Stepping 1, AuthenticAMD
TMP=C:\Users\ISABEL~1\AppData\Local\Temp
TEMP=C:\Users\ISABEL~1\AppData\Local\Temp




Periodic native trim disabled

---------------  S Y S T E M  ---------------

OS:
 Windows 10 , 64 bit Build 19041 (10.0.19041.5794)
OS uptime: 17 days 20:21 hours

CPU: total 8 (initial active 8) (8 cores per cpu, 2 threads per core) family 23 model 24 stepping 1 microcode 0x0, cx8, cmov, fxsr, ht, mmx, 3dnowpref, sse, sse2, sse3, ssse3, sse4a, sse4.1, sse4.2, popcnt, lzcnt, tsc, tscinvbit, avx, avx2, aes, clmul, bmi1, bmi2, adx, sha, fma, vzeroupper, clflush, clflushopt, rdtscp, f16c
Processor Information for the first 8 processors :
  Max Mhz: 2100, Current Mhz: 2100, Mhz Limit: 2100

Memory: 4k page, system-wide physical 14249M (2793M free)
TotalPageFile size 16425M (AvailPageFile size 3181M)
current process WorkingSet (physical memory assigned to process): 277M, peak: 277M
current process commit charge ("private bytes"): 358M, peak: 358M

vm_info: OpenJDK 64-Bit Server VM (21.0.7+6-LTS) for windows-amd64 JRE (21.0.7+6-LTS), built on 2025-04-09T22:17:25Z by "MicrosoftCorporation" with unknown MS VC++:1939

END.
